mode: set
github.com/fenriz07/simpleswap/x/simpleswap/module/autocli.go:10.63,80.2 1 0
github.com/fenriz07/simpleswap/x/simpleswap/module/genesis.go:11.81,14.57 2 1
github.com/fenriz07/simpleswap/x/simpleswap/module/genesis.go:14.57,16.3 1 1
github.com/fenriz07/simpleswap/x/simpleswap/module/genesis.go:18.2,18.41 1 1
github.com/fenriz07/simpleswap/x/simpleswap/module/genesis.go:18.41,20.3 1 1
github.com/fenriz07/simpleswap/x/simpleswap/module/genesis.go:22.2,22.35 1 1
github.com/fenriz07/simpleswap/x/simpleswap/module/genesis.go:26.74,32.11 4 1
github.com/fenriz07/simpleswap/x/simpleswap/module/genesis.go:32.11,34.3 1 1
github.com/fenriz07/simpleswap/x/simpleswap/module/genesis.go:35.2,39.16 3 1
github.com/fenriz07/simpleswap/x/simpleswap/module/module.go:50.62,52.2 1 0
github.com/fenriz07/simpleswap/x/simpleswap/module/module.go:55.37,57.2 1 0
github.com/fenriz07/simpleswap/x/simpleswap/module/module.go:61.73,61.74 0 0
github.com/fenriz07/simpleswap/x/simpleswap/module/module.go:64.76,66.2 1 0
github.com/fenriz07/simpleswap/x/simpleswap/module/module.go:70.75,72.2 1 0
github.com/fenriz07/simpleswap/x/simpleswap/module/module.go:75.118,77.57 2 0
github.com/fenriz07/simpleswap/x/simpleswap/module/module.go:77.57,79.3 1 0
github.com/fenriz07/simpleswap/x/simpleswap/module/module.go:80.2,80.28 1 0
github.com/fenriz07/simpleswap/x/simpleswap/module/module.go:84.98,85.117 1 0
github.com/fenriz07/simpleswap/x/simpleswap/module/module.go:85.117,86.13 1 0
github.com/fenriz07/simpleswap/x/simpleswap/module/module.go:108.13,115.2 1 0
github.com/fenriz07/simpleswap/x/simpleswap/module/module.go:118.63,121.2 2 0
github.com/fenriz07/simpleswap/x/simpleswap/module/module.go:124.66,124.67 0 0
github.com/fenriz07/simpleswap/x/simpleswap/module/module.go:127.91,133.2 3 0
github.com/fenriz07/simpleswap/x/simpleswap/module/module.go:136.89,139.2 2 0
github.com/fenriz07/simpleswap/x/simpleswap/module/module.go:144.44,144.56 1 0
github.com/fenriz07/simpleswap/x/simpleswap/module/module.go:148.57,150.2 1 0
github.com/fenriz07/simpleswap/x/simpleswap/module/module.go:154.55,156.2 1 0
github.com/fenriz07/simpleswap/x/simpleswap/module/module.go:159.43,159.44 0 0
github.com/fenriz07/simpleswap/x/simpleswap/module/module.go:162.36,162.37 0 0
github.com/fenriz07/simpleswap/x/simpleswap/module/module.go:168.13,173.2 1 1
github.com/fenriz07/simpleswap/x/simpleswap/module/module.go:194.51,197.31 2 0
github.com/fenriz07/simpleswap/x/simpleswap/module/module.go:197.31,199.3 1 0
github.com/fenriz07/simpleswap/x/simpleswap/module/module.go:200.2,214.54 3 0
github.com/fenriz07/simpleswap/x/simpleswap/module/simulation.go:42.73,44.40 2 0
github.com/fenriz07/simpleswap/x/simpleswap/module/simulation.go:44.40,46.3 1 0
github.com/fenriz07/simpleswap/x/simpleswap/module/simulation.go:47.2,51.88 2 0
github.com/fenriz07/simpleswap/x/simpleswap/module/simulation.go:55.76,55.77 0 0
github.com/fenriz07/simpleswap/x/simpleswap/module/simulation.go:58.96,60.2 1 0
github.com/fenriz07/simpleswap/x/simpleswap/module/simulation.go:63.102,68.22 3 0
github.com/fenriz07/simpleswap/x/simpleswap/module/simulation.go:68.22,70.4 1 0
github.com/fenriz07/simpleswap/x/simpleswap/module/simulation.go:72.2,79.22 3 0
github.com/fenriz07/simpleswap/x/simpleswap/module/simulation.go:79.22,81.4 1 0
github.com/fenriz07/simpleswap/x/simpleswap/module/simulation.go:83.2,90.22 3 0
github.com/fenriz07/simpleswap/x/simpleswap/module/simulation.go:90.22,92.4 1 0
github.com/fenriz07/simpleswap/x/simpleswap/module/simulation.go:94.2,101.19 2 0
github.com/fenriz07/simpleswap/x/simpleswap/module/simulation.go:105.98,110.73 1 0
github.com/fenriz07/simpleswap/x/simpleswap/module/simulation.go:110.73,113.5 2 0
github.com/fenriz07/simpleswap/x/simpleswap/module/simulation.go:118.73,121.5 2 0
github.com/fenriz07/simpleswap/x/simpleswap/module/simulation.go:126.73,129.5 2 0
github.com/fenriz07/simpleswap/x/simpleswap/types/codec.go:10.62,26.2 5 0
github.com/fenriz07/simpleswap/x/simpleswap/types/genesis.go:11.37,42.2 1 1
github.com/fenriz07/simpleswap/x/simpleswap/types/genesis.go:46.41,50.51 2 1
github.com/fenriz07/simpleswap/x/simpleswap/types/genesis.go:50.51,52.55 2 1
github.com/fenriz07/simpleswap/x/simpleswap/types/genesis.go:52.55,54.4 1 1
github.com/fenriz07/simpleswap/x/simpleswap/types/genesis.go:55.3,55.51 1 1
github.com/fenriz07/simpleswap/x/simpleswap/types/genesis.go:58.2,60.35 2 1
github.com/fenriz07/simpleswap/x/simpleswap/types/genesis.go:60.35,62.39 2 1
github.com/fenriz07/simpleswap/x/simpleswap/types/genesis.go:62.39,64.4 1 1
github.com/fenriz07/simpleswap/x/simpleswap/types/genesis.go:65.3,65.35 1 1
github.com/fenriz07/simpleswap/x/simpleswap/types/genesis.go:69.2,69.29 1 1
github.com/fenriz07/simpleswap/x/simpleswap/types/genesis.pb.go:36.40,36.63 1 0
github.com/fenriz07/simpleswap/x/simpleswap/types/genesis.pb.go:37.40,37.77 1 0
github.com/fenriz07/simpleswap/x/simpleswap/types/genesis.pb.go:38.41,38.42 0 0
github.com/fenriz07/simpleswap/x/simpleswap/types/genesis.pb.go:39.51,41.2 1 0
github.com/fenriz07/simpleswap/x/simpleswap/types/genesis.pb.go:42.54,44.2 1 0
github.com/fenriz07/simpleswap/x/simpleswap/types/genesis.pb.go:45.82,46.19 1 0
github.com/fenriz07/simpleswap/x/simpleswap/types/genesis.pb.go:46.19,48.3 1 0
github.com/fenriz07/simpleswap/x/simpleswap/types/genesis.pb.go:48.8,51.17 3 0
github.com/fenriz07/simpleswap/x/simpleswap/types/genesis.pb.go:51.17,53.4 1 0
github.com/fenriz07/simpleswap/x/simpleswap/types/genesis.pb.go:54.3,54.20 1 0
github.com/fenriz07/simpleswap/x/simpleswap/types/genesis.pb.go:57.53,59.2 1 0
github.com/fenriz07/simpleswap/x/simpleswap/types/genesis.pb.go:60.39,62.2 1 0
github.com/fenriz07/simpleswap/x/simpleswap/types/genesis.pb.go:63.45,65.2 1 0
github.com/fenriz07/simpleswap/x/simpleswap/types/genesis.pb.go:69.43,70.14 1 0
github.com/fenriz07/simpleswap/x/simpleswap/types/genesis.pb.go:70.14,72.3 1 0
github.com/fenriz07/simpleswap/x/simpleswap/types/genesis.pb.go:73.2,73.17 1 0
github.com/fenriz07/simpleswap/x/simpleswap/types/genesis.pb.go:76.51,77.14 1 0
github.com/fenriz07/simpleswap/x/simpleswap/types/genesis.pb.go:77.14,79.3 1 0
github.com/fenriz07/simpleswap/x/simpleswap/types/genesis.pb.go:80.2,80.21 1 0
github.com/fenriz07/simpleswap/x/simpleswap/types/genesis.pb.go:83.77,84.14 1 0
github.com/fenriz07/simpleswap/x/simpleswap/types/genesis.pb.go:84.14,86.3 1 0
github.com/fenriz07/simpleswap/x/simpleswap/types/genesis.pb.go:87.2,87.12 1 0
github.com/fenriz07/simpleswap/x/simpleswap/types/genesis.pb.go:90.45,91.14 1 0
github.com/fenriz07/simpleswap/x/simpleswap/types/genesis.pb.go:91.14,93.3 1 0
github.com/fenriz07/simpleswap/x/simpleswap/types/genesis.pb.go:94.2,94.12 1 0
github.com/fenriz07/simpleswap/x/simpleswap/types/genesis.pb.go:97.13,99.2 1 1
github.com/fenriz07/simpleswap/x/simpleswap/types/genesis.pb.go:101.13,103.2 1 1
github.com/fenriz07/simpleswap/x/simpleswap/types/genesis.pb.go:131.59,135.16 4 0
github.com/fenriz07/simpleswap/x/simpleswap/types/genesis.pb.go:135.16,137.3 1 0
github.com/fenriz07/simpleswap/x/simpleswap/types/genesis.pb.go:138.2,138.22 1 0
github.com/fenriz07/simpleswap/x/simpleswap/types/genesis.pb.go:141.60,144.2 2 0
github.com/fenriz07/simpleswap/x/simpleswap/types/genesis.pb.go:146.71,151.25 5 0
github.com/fenriz07/simpleswap/x/simpleswap/types/genesis.pb.go:151.25,152.57 1 0
github.com/fenriz07/simpleswap/x/simpleswap/types/genesis.pb.go:152.57,153.4 1 0
github.com/fenriz07/simpleswap/x/simpleswap/types/genesis.pb.go:153.4,155.19 2 0
github.com/fenriz07/simpleswap/x/simpleswap/types/genesis.pb.go:155.19,157.6 1 0
github.com/fenriz07/simpleswap/x/simpleswap/types/genesis.pb.go:158.5,159.51 2 0
github.com/fenriz07/simpleswap/x/simpleswap/types/genesis.pb.go:161.4,162.18 2 0
github.com/fenriz07/simpleswap/x/simpleswap/types/genesis.pb.go:165.2,165.41 1 0
github.com/fenriz07/simpleswap/x/simpleswap/types/genesis.pb.go:165.41,166.73 1 0
github.com/fenriz07/simpleswap/x/simpleswap/types/genesis.pb.go:166.73,167.4 1 0
github.com/fenriz07/simpleswap/x/simpleswap/types/genesis.pb.go:167.4,169.19 2 0
github.com/fenriz07/simpleswap/x/simpleswap/types/genesis.pb.go:169.19,171.6 1 0
github.com/fenriz07/simpleswap/x/simpleswap/types/genesis.pb.go:172.5,173.51 2 0
github.com/fenriz07/simpleswap/x/simpleswap/types/genesis.pb.go:175.4,176.18 2 0
github.com/fenriz07/simpleswap/x/simpleswap/types/genesis.pb.go:179.2,181.17 2 0
github.com/fenriz07/simpleswap/x/simpleswap/types/genesis.pb.go:181.17,183.4 1 0
github.com/fenriz07/simpleswap/x/simpleswap/types/genesis.pb.go:184.3,185.49 2 0
github.com/fenriz07/simpleswap/x/simpleswap/types/genesis.pb.go:187.2,189.2 3 0
github.com/fenriz07/simpleswap/x/simpleswap/types/genesis.pb.go:189.2,191.17 2 0
github.com/fenriz07/simpleswap/x/simpleswap/types/genesis.pb.go:191.17,193.4 1 0
github.com/fenriz07/simpleswap/x/simpleswap/types/genesis.pb.go:194.3,195.49 2 0
github.com/fenriz07/simpleswap/x/simpleswap/types/genesis.pb.go:197.2,199.27 3 0
github.com/fenriz07/simpleswap/x/simpleswap/types/genesis.pb.go:202.65,205.16 3 0
github.com/fenriz07/simpleswap/x/simpleswap/types/genesis.pb.go:205.16,209.3 3 0
github.com/fenriz07/simpleswap/x/simpleswap/types/genesis.pb.go:210.2,211.13 2 0
github.com/fenriz07/simpleswap/x/simpleswap/types/genesis.pb.go:213.39,214.14 1 0
github.com/fenriz07/simpleswap/x/simpleswap/types/genesis.pb.go:214.14,216.3 1 0
github.com/fenriz07/simpleswap/x/simpleswap/types/genesis.pb.go:217.2,223.41 7 0
github.com/fenriz07/simpleswap/x/simpleswap/types/genesis.pb.go:223.41,224.48 1 0
github.com/fenriz07/simpleswap/x/simpleswap/types/genesis.pb.go:224.48,227.4 2 0
github.com/fenriz07/simpleswap/x/simpleswap/types/genesis.pb.go:229.2,229.25 1 0
github.com/fenriz07/simpleswap/x/simpleswap/types/genesis.pb.go:229.25,230.32 1 0
github.com/fenriz07/simpleswap/x/simpleswap/types/genesis.pb.go:230.32,233.4 2 0
github.com/fenriz07/simpleswap/x/simpleswap/types/genesis.pb.go:235.2,235.10 1 0
github.com/fenriz07/simpleswap/x/simpleswap/types/genesis.pb.go:238.35,240.2 1 0
github.com/fenriz07/simpleswap/x/simpleswap/types/genesis.pb.go:241.35,243.2 1 0
github.com/fenriz07/simpleswap/x/simpleswap/types/genesis.pb.go:244.53,247.16 3 0
github.com/fenriz07/simpleswap/x/simpleswap/types/genesis.pb.go:247.16,250.38 3 0
github.com/fenriz07/simpleswap/x/simpleswap/types/genesis.pb.go:250.38,251.19 1 0
github.com/fenriz07/simpleswap/x/simpleswap/types/genesis.pb.go:251.19,253.5 1 0
github.com/fenriz07/simpleswap/x/simpleswap/types/genesis.pb.go:254.4,254.18 1 0
github.com/fenriz07/simpleswap/x/simpleswap/types/genesis.pb.go:254.18,256.5 1 0
github.com/fenriz07/simpleswap/x/simpleswap/types/genesis.pb.go:257.4,260.16 4 0
github.com/fenriz07/simpleswap/x/simpleswap/types/genesis.pb.go:260.16,261.10 1 0
github.com/fenriz07/simpleswap/x/simpleswap/types/genesis.pb.go:264.3,266.20 3 0
github.com/fenriz07/simpleswap/x/simpleswap/types/genesis.pb.go:266.20,268.4 1 0
github.com/fenriz07/simpleswap/x/simpleswap/types/genesis.pb.go:269.3,269.20 1 0
github.com/fenriz07/simpleswap/x/simpleswap/types/genesis.pb.go:269.20,271.4 1 0
github.com/fenriz07/simpleswap/x/simpleswap/types/genesis.pb.go:272.3,272.19 1 0
github.com/fenriz07/simpleswap/x/simpleswap/types/genesis.pb.go:273.10,274.21 1 0
github.com/fenriz07/simpleswap/x/simpleswap/types/genesis.pb.go:274.21,276.5 1 0
github.com/fenriz07/simpleswap/x/simpleswap/types/genesis.pb.go:277.4,278.39 2 0
github.com/fenriz07/simpleswap/x/simpleswap/types/genesis.pb.go:278.39,279.20 1 0
github.com/fenriz07/simpleswap/x/simpleswap/types/genesis.pb.go:279.20,281.6 1 0
github.com/fenriz07/simpleswap/x/simpleswap/types/genesis.pb.go:282.5,282.19 1 0
github.com/fenriz07/simpleswap/x/simpleswap/types/genesis.pb.go:282.19,284.6 1 0
github.com/fenriz07/simpleswap/x/simpleswap/types/genesis.pb.go:285.5,288.17 4 0
github.com/fenriz07/simpleswap/x/simpleswap/types/genesis.pb.go:288.17,289.11 1 0
github.com/fenriz07/simpleswap/x/simpleswap/types/genesis.pb.go:292.4,292.18 1 0
github.com/fenriz07/simpleswap/x/simpleswap/types/genesis.pb.go:292.18,294.5 1 0
github.com/fenriz07/simpleswap/x/simpleswap/types/genesis.pb.go:295.4,296.21 2 0
github.com/fenriz07/simpleswap/x/simpleswap/types/genesis.pb.go:296.21,298.5 1 0
github.com/fenriz07/simpleswap/x/simpleswap/types/genesis.pb.go:299.4,299.21 1 0
github.com/fenriz07/simpleswap/x/simpleswap/types/genesis.pb.go:299.21,301.5 1 0
github.com/fenriz07/simpleswap/x/simpleswap/types/genesis.pb.go:302.4,302.68 1 0
github.com/fenriz07/simpleswap/x/simpleswap/types/genesis.pb.go:302.68,304.5 1 0
github.com/fenriz07/simpleswap/x/simpleswap/types/genesis.pb.go:305.4,305.21 1 0
github.com/fenriz07/simpleswap/x/simpleswap/types/genesis.pb.go:306.10,307.21 1 0
github.com/fenriz07/simpleswap/x/simpleswap/types/genesis.pb.go:307.21,309.5 1 0
github.com/fenriz07/simpleswap/x/simpleswap/types/genesis.pb.go:310.4,311.39 2 0
github.com/fenriz07/simpleswap/x/simpleswap/types/genesis.pb.go:311.39,312.20 1 0
github.com/fenriz07/simpleswap/x/simpleswap/types/genesis.pb.go:312.20,314.6 1 0
github.com/fenriz07/simpleswap/x/simpleswap/types/genesis.pb.go:315.5,315.19 1 0
github.com/fenriz07/simpleswap/x/simpleswap/types/genesis.pb.go:315.19,317.6 1 0
github.com/fenriz07/simpleswap/x/simpleswap/types/genesis.pb.go:318.5,321.17 4 0
github.com/fenriz07/simpleswap/x/simpleswap/types/genesis.pb.go:321.17,322.11 1 0
github.com/fenriz07/simpleswap/x/simpleswap/types/genesis.pb.go:325.4,325.18 1 0
github.com/fenriz07/simpleswap/x/simpleswap/types/genesis.pb.go:325.18,327.5 1 0
github.com/fenriz07/simpleswap/x/simpleswap/types/genesis.pb.go:328.4,329.21 2 0
github.com/fenriz07/simpleswap/x/simpleswap/types/genesis.pb.go:329.21,331.5 1 0
github.com/fenriz07/simpleswap/x/simpleswap/types/genesis.pb.go:332.4,332.21 1 0
github.com/fenriz07/simpleswap/x/simpleswap/types/genesis.pb.go:332.21,334.5 1 0
github.com/fenriz07/simpleswap/x/simpleswap/types/genesis.pb.go:335.4,335.72 1 0
github.com/fenriz07/simpleswap/x/simpleswap/types/genesis.pb.go:335.72,337.5 1 0
github.com/fenriz07/simpleswap/x/simpleswap/types/genesis.pb.go:338.4,338.21 1 0
github.com/fenriz07/simpleswap/x/simpleswap/types/genesis.pb.go:339.10,340.21 1 0
github.com/fenriz07/simpleswap/x/simpleswap/types/genesis.pb.go:340.21,342.5 1 0
github.com/fenriz07/simpleswap/x/simpleswap/types/genesis.pb.go:343.4,344.39 2 0
github.com/fenriz07/simpleswap/x/simpleswap/types/genesis.pb.go:344.39,345.20 1 0
github.com/fenriz07/simpleswap/x/simpleswap/types/genesis.pb.go:345.20,347.6 1 0
github.com/fenriz07/simpleswap/x/simpleswap/types/genesis.pb.go:348.5,348.19 1 0
github.com/fenriz07/simpleswap/x/simpleswap/types/genesis.pb.go:348.19,350.6 1 0
github.com/fenriz07/simpleswap/x/simpleswap/types/genesis.pb.go:351.5,354.17 4 0
github.com/fenriz07/simpleswap/x/simpleswap/types/genesis.pb.go:354.17,355.11 1 0
github.com/fenriz07/simpleswap/x/simpleswap/types/genesis.pb.go:358.4,358.18 1 0
github.com/fenriz07/simpleswap/x/simpleswap/types/genesis.pb.go:358.18,360.5 1 0
github.com/fenriz07/simpleswap/x/simpleswap/types/genesis.pb.go:361.4,362.21 2 0
github.com/fenriz07/simpleswap/x/simpleswap/types/genesis.pb.go:362.21,364.5 1 0
github.com/fenriz07/simpleswap/x/simpleswap/types/genesis.pb.go:365.4,365.21 1 0
github.com/fenriz07/simpleswap/x/simpleswap/types/genesis.pb.go:365.21,367.5 1 0
github.com/fenriz07/simpleswap/x/simpleswap/types/genesis.pb.go:368.4,369.121 2 0
github.com/fenriz07/simpleswap/x/simpleswap/types/genesis.pb.go:369.121,371.5 1 0
github.com/fenriz07/simpleswap/x/simpleswap/types/genesis.pb.go:372.4,372.21 1 0
github.com/fenriz07/simpleswap/x/simpleswap/types/genesis.pb.go:373.10,374.21 1 0
github.com/fenriz07/simpleswap/x/simpleswap/types/genesis.pb.go:374.21,376.5 1 0
github.com/fenriz07/simpleswap/x/simpleswap/types/genesis.pb.go:377.4,378.39 2 0
github.com/fenriz07/simpleswap/x/simpleswap/types/genesis.pb.go:378.39,379.20 1 0
github.com/fenriz07/simpleswap/x/simpleswap/types/genesis.pb.go:379.20,381.6 1 0
github.com/fenriz07/simpleswap/x/simpleswap/types/genesis.pb.go:382.5,382.19 1 0
github.com/fenriz07/simpleswap/x/simpleswap/types/genesis.pb.go:382.19,384.6 1 0
github.com/fenriz07/simpleswap/x/simpleswap/types/genesis.pb.go:385.5,388.17 4 0
github.com/fenriz07/simpleswap/x/simpleswap/types/genesis.pb.go:388.17,389.11 1 0
github.com/fenriz07/simpleswap/x/simpleswap/types/genesis.pb.go:392.4,392.18 1 0
github.com/fenriz07/simpleswap/x/simpleswap/types/genesis.pb.go:392.18,394.5 1 0
github.com/fenriz07/simpleswap/x/simpleswap/types/genesis.pb.go:395.4,396.21 2 0
github.com/fenriz07/simpleswap/x/simpleswap/types/genesis.pb.go:396.21,398.5 1 0
github.com/fenriz07/simpleswap/x/simpleswap/types/genesis.pb.go:399.4,399.21 1 0
github.com/fenriz07/simpleswap/x/simpleswap/types/genesis.pb.go:399.21,401.5 1 0
github.com/fenriz07/simpleswap/x/simpleswap/types/genesis.pb.go:402.4,403.89 2 0
github.com/fenriz07/simpleswap/x/simpleswap/types/genesis.pb.go:403.89,405.5 1 0
github.com/fenriz07/simpleswap/x/simpleswap/types/genesis.pb.go:406.4,406.21 1 0
github.com/fenriz07/simpleswap/x/simpleswap/types/genesis.pb.go:407.11,410.18 3 0
github.com/fenriz07/simpleswap/x/simpleswap/types/genesis.pb.go:410.18,412.5 1 0
github.com/fenriz07/simpleswap/x/simpleswap/types/genesis.pb.go:413.4,413.42 1 0
github.com/fenriz07/simpleswap/x/simpleswap/types/genesis.pb.go:413.42,415.5 1 0
github.com/fenriz07/simpleswap/x/simpleswap/types/genesis.pb.go:416.4,416.28 1 0
github.com/fenriz07/simpleswap/x/simpleswap/types/genesis.pb.go:416.28,418.5 1 0
github.com/fenriz07/simpleswap/x/simpleswap/types/genesis.pb.go:419.4,419.19 1 0
github.com/fenriz07/simpleswap/x/simpleswap/types/genesis.pb.go:423.2,423.15 1 0
github.com/fenriz07/simpleswap/x/simpleswap/types/genesis.pb.go:423.15,425.3 1 0
github.com/fenriz07/simpleswap/x/simpleswap/types/genesis.pb.go:426.2,426.12 1 0
github.com/fenriz07/simpleswap/x/simpleswap/types/genesis.pb.go:428.50,432.16 4 0
github.com/fenriz07/simpleswap/x/simpleswap/types/genesis.pb.go:432.16,434.38 2 0
github.com/fenriz07/simpleswap/x/simpleswap/types/genesis.pb.go:434.38,435.19 1 0
github.com/fenriz07/simpleswap/x/simpleswap/types/genesis.pb.go:435.19,437.5 1 0
github.com/fenriz07/simpleswap/x/simpleswap/types/genesis.pb.go:438.4,438.18 1 0
github.com/fenriz07/simpleswap/x/simpleswap/types/genesis.pb.go:438.18,440.5 1 0
github.com/fenriz07/simpleswap/x/simpleswap/types/genesis.pb.go:441.4,444.16 4 0
github.com/fenriz07/simpleswap/x/simpleswap/types/genesis.pb.go:444.16,445.10 1 0
github.com/fenriz07/simpleswap/x/simpleswap/types/genesis.pb.go:448.3,449.19 2 0
github.com/fenriz07/simpleswap/x/simpleswap/types/genesis.pb.go:450.10,451.39 1 0
github.com/fenriz07/simpleswap/x/simpleswap/types/genesis.pb.go:451.39,452.20 1 0
github.com/fenriz07/simpleswap/x/simpleswap/types/genesis.pb.go:452.20,454.6 1 0
github.com/fenriz07/simpleswap/x/simpleswap/types/genesis.pb.go:455.5,455.19 1 0
github.com/fenriz07/simpleswap/x/simpleswap/types/genesis.pb.go:455.19,457.6 1 0
github.com/fenriz07/simpleswap/x/simpleswap/types/genesis.pb.go:458.5,459.29 2 0
github.com/fenriz07/simpleswap/x/simpleswap/types/genesis.pb.go:459.29,460.11 1 0
github.com/fenriz07/simpleswap/x/simpleswap/types/genesis.pb.go:463.10,464.14 1 0
github.com/fenriz07/simpleswap/x/simpleswap/types/genesis.pb.go:465.10,467.39 2 0
github.com/fenriz07/simpleswap/x/simpleswap/types/genesis.pb.go:467.39,468.20 1 0
github.com/fenriz07/simpleswap/x/simpleswap/types/genesis.pb.go:468.20,470.6 1 0
github.com/fenriz07/simpleswap/x/simpleswap/types/genesis.pb.go:471.5,471.19 1 0
github.com/fenriz07/simpleswap/x/simpleswap/types/genesis.pb.go:471.19,473.6 1 0
github.com/fenriz07/simpleswap/x/simpleswap/types/genesis.pb.go:474.5,477.17 4 0
github.com/fenriz07/simpleswap/x/simpleswap/types/genesis.pb.go:477.17,478.11 1 0
github.com/fenriz07/simpleswap/x/simpleswap/types/genesis.pb.go:481.4,481.18 1 0
github.com/fenriz07/simpleswap/x/simpleswap/types/genesis.pb.go:481.18,483.5 1 0
github.com/fenriz07/simpleswap/x/simpleswap/types/genesis.pb.go:484.4,484.19 1 0
github.com/fenriz07/simpleswap/x/simpleswap/types/genesis.pb.go:485.10,486.11 1 0
github.com/fenriz07/simpleswap/x/simpleswap/types/genesis.pb.go:487.10,488.18 1 0
github.com/fenriz07/simpleswap/x/simpleswap/types/genesis.pb.go:488.18,490.5 1 0
github.com/fenriz07/simpleswap/x/simpleswap/types/genesis.pb.go:491.4,491.11 1 0
github.com/fenriz07/simpleswap/x/simpleswap/types/genesis.pb.go:492.10,493.14 1 0
github.com/fenriz07/simpleswap/x/simpleswap/types/genesis.pb.go:494.11,495.64 1 0
github.com/fenriz07/simpleswap/x/simpleswap/types/genesis.pb.go:497.3,497.16 1 0
github.com/fenriz07/simpleswap/x/simpleswap/types/genesis.pb.go:497.16,499.4 1 0
github.com/fenriz07/simpleswap/x/simpleswap/types/genesis.pb.go:500.3,500.17 1 0
github.com/fenriz07/simpleswap/x/simpleswap/types/genesis.pb.go:500.17,502.4 1 0
github.com/fenriz07/simpleswap/x/simpleswap/types/genesis.pb.go:504.2,504.31 1 0
github.com/fenriz07/simpleswap/x/simpleswap/types/key_pool.go:15.10,23.2 5 1
github.com/fenriz07/simpleswap/x/simpleswap/types/key_stable_coins_white_list.go:15.10,23.2 5 1
github.com/fenriz07/simpleswap/x/simpleswap/types/keys.go:18.33,20.2 1 0
github.com/fenriz07/simpleswap/x/simpleswap/types/message_claim_liquidity.go:11.90,16.2 1 0
github.com/fenriz07/simpleswap/x/simpleswap/types/message_claim_liquidity.go:18.53,20.16 2 0
github.com/fenriz07/simpleswap/x/simpleswap/types/message_claim_liquidity.go:20.16,22.3 1 0
github.com/fenriz07/simpleswap/x/simpleswap/types/message_claim_liquidity.go:23.2,23.12 1 0
github.com/fenriz07/simpleswap/x/simpleswap/types/message_provide_liquidity.go:13.102,19.2 1 0
github.com/fenriz07/simpleswap/x/simpleswap/types/message_provide_liquidity.go:21.55,23.16 2 0
github.com/fenriz07/simpleswap/x/simpleswap/types/message_provide_liquidity.go:23.16,25.3 1 0
github.com/fenriz07/simpleswap/x/simpleswap/types/message_provide_liquidity.go:27.2,29.16 2 0
github.com/fenriz07/simpleswap/x/simpleswap/types/message_provide_liquidity.go:29.16,31.3 1 0
github.com/fenriz07/simpleswap/x/simpleswap/types/message_provide_liquidity.go:33.2,33.12 1 0
github.com/fenriz07/simpleswap/x/simpleswap/types/message_swap.go:17.74,23.2 1 0
github.com/fenriz07/simpleswap/x/simpleswap/types/message_swap.go:25.43,27.16 2 0
github.com/fenriz07/simpleswap/x/simpleswap/types/message_swap.go:27.16,29.3 1 0
github.com/fenriz07/simpleswap/x/simpleswap/types/message_swap.go:31.2,31.25 1 0
github.com/fenriz07/simpleswap/x/simpleswap/types/message_swap.go:31.25,33.3 1 0
github.com/fenriz07/simpleswap/x/simpleswap/types/message_swap.go:35.2,37.68 2 0
github.com/fenriz07/simpleswap/x/simpleswap/types/message_swap.go:37.68,39.3 1 0
github.com/fenriz07/simpleswap/x/simpleswap/types/message_swap.go:41.2,41.12 1 0
github.com/fenriz07/simpleswap/x/simpleswap/types/msg_update_params.go:11.49,12.65 1 0
github.com/fenriz07/simpleswap/x/simpleswap/types/msg_update_params.go:12.65,14.3 1 0
github.com/fenriz07/simpleswap/x/simpleswap/types/msg_update_params.go:16.2,16.44 1 0
github.com/fenriz07/simpleswap/x/simpleswap/types/msg_update_params.go:16.44,18.3 1 0
github.com/fenriz07/simpleswap/x/simpleswap/types/msg_update_params.go:20.2,20.12 1 0
github.com/fenriz07/simpleswap/x/simpleswap/types/params.go:10.42,12.2 1 0
github.com/fenriz07/simpleswap/x/simpleswap/types/params.go:15.25,17.2 1 1
github.com/fenriz07/simpleswap/x/simpleswap/types/params.go:20.29,22.2 1 1
github.com/fenriz07/simpleswap/x/simpleswap/types/params.go:25.59,27.2 1 0
github.com/fenriz07/simpleswap/x/simpleswap/types/params.go:30.34,32.2 1 1
github.com/fenriz07/simpleswap/x/simpleswap/types/params.pb.go:31.34,31.51 1 0
github.com/fenriz07/simpleswap/x/simpleswap/types/params.pb.go:32.34,32.71 1 0
github.com/fenriz07/simpleswap/x/simpleswap/types/params.pb.go:33.35,33.36 0 0
github.com/fenriz07/simpleswap/x/simpleswap/types/params.pb.go:34.45,36.2 1 0
github.com/fenriz07/simpleswap/x/simpleswap/types/params.pb.go:37.48,39.2 1 0
github.com/fenriz07/simpleswap/x/simpleswap/types/params.pb.go:40.76,41.19 1 0
github.com/fenriz07/simpleswap/x/simpleswap/types/params.pb.go:41.19,43.3 1 0
github.com/fenriz07/simpleswap/x/simpleswap/types/params.pb.go:43.8,46.17 3 0
github.com/fenriz07/simpleswap/x/simpleswap/types/params.pb.go:46.17,48.4 1 0
github.com/fenriz07/simpleswap/x/simpleswap/types/params.pb.go:49.3,49.20 1 0
github.com/fenriz07/simpleswap/x/simpleswap/types/params.pb.go:52.47,54.2 1 0
github.com/fenriz07/simpleswap/x/simpleswap/types/params.pb.go:55.33,57.2 1 0
github.com/fenriz07/simpleswap/x/simpleswap/types/params.pb.go:58.39,60.2 1 0
github.com/fenriz07/simpleswap/x/simpleswap/types/params.pb.go:64.13,66.2 1 1
github.com/fenriz07/simpleswap/x/simpleswap/types/params.pb.go:68.13,70.2 1 1
github.com/fenriz07/simpleswap/x/simpleswap/types/params.pb.go:87.50,88.17 1 0
github.com/fenriz07/simpleswap/x/simpleswap/types/params.pb.go:88.17,90.3 1 0
github.com/fenriz07/simpleswap/x/simpleswap/types/params.pb.go:92.2,93.9 2 0
github.com/fenriz07/simpleswap/x/simpleswap/types/params.pb.go:93.9,95.9 2 0
github.com/fenriz07/simpleswap/x/simpleswap/types/params.pb.go:95.9,97.4 1 0
github.com/fenriz07/simpleswap/x/simpleswap/types/params.pb.go:97.9,99.4 1 0
github.com/fenriz07/simpleswap/x/simpleswap/types/params.pb.go:101.2,101.18 1 0
github.com/fenriz07/simpleswap/x/simpleswap/types/params.pb.go:101.18,103.3 1 0
github.com/fenriz07/simpleswap/x/simpleswap/types/params.pb.go:103.8,103.24 1 0
github.com/fenriz07/simpleswap/x/simpleswap/types/params.pb.go:103.24,105.3 1 0
github.com/fenriz07/simpleswap/x/simpleswap/types/params.pb.go:106.2,106.13 1 0
github.com/fenriz07/simpleswap/x/simpleswap/types/params.pb.go:108.53,112.16 4 0
github.com/fenriz07/simpleswap/x/simpleswap/types/params.pb.go:112.16,114.3 1 0
github.com/fenriz07/simpleswap/x/simpleswap/types/params.pb.go:115.2,115.22 1 0
github.com/fenriz07/simpleswap/x/simpleswap/types/params.pb.go:118.54,121.2 2 0
github.com/fenriz07/simpleswap/x/simpleswap/types/params.pb.go:123.65,129.2 5 0
github.com/fenriz07/simpleswap/x/simpleswap/types/params.pb.go:131.64,134.16 3 0
github.com/fenriz07/simpleswap/x/simpleswap/types/params.pb.go:134.16,138.3 3 0
github.com/fenriz07/simpleswap/x/simpleswap/types/params.pb.go:139.2,140.13 2 0
github.com/fenriz07/simpleswap/x/simpleswap/types/params.pb.go:142.33,143.14 1 0
github.com/fenriz07/simpleswap/x/simpleswap/types/params.pb.go:143.14,145.3 1 0
github.com/fenriz07/simpleswap/x/simpleswap/types/params.pb.go:146.2,148.10 3 0
github.com/fenriz07/simpleswap/x/simpleswap/types/params.pb.go:151.34,153.2 1 0
github.com/fenriz07/simpleswap/x/simpleswap/types/params.pb.go:154.34,156.2 1 0
github.com/fenriz07/simpleswap/x/simpleswap/types/params.pb.go:157.47,160.16 3 0
github.com/fenriz07/simpleswap/x/simpleswap/types/params.pb.go:160.16,163.38 3 0
github.com/fenriz07/simpleswap/x/simpleswap/types/params.pb.go:163.38,164.19 1 0
github.com/fenriz07/simpleswap/x/simpleswap/types/params.pb.go:164.19,166.5 1 0
github.com/fenriz07/simpleswap/x/simpleswap/types/params.pb.go:167.4,167.18 1 0
github.com/fenriz07/simpleswap/x/simpleswap/types/params.pb.go:167.18,169.5 1 0
github.com/fenriz07/simpleswap/x/simpleswap/types/params.pb.go:170.4,173.16 4 0
github.com/fenriz07/simpleswap/x/simpleswap/types/params.pb.go:173.16,174.10 1 0
github.com/fenriz07/simpleswap/x/simpleswap/types/params.pb.go:177.3,179.20 3 0
github.com/fenriz07/simpleswap/x/simpleswap/types/params.pb.go:179.20,181.4 1 0
github.com/fenriz07/simpleswap/x/simpleswap/types/params.pb.go:182.3,182.20 1 0
github.com/fenriz07/simpleswap/x/simpleswap/types/params.pb.go:182.20,184.4 1 0
github.com/fenriz07/simpleswap/x/simpleswap/types/params.pb.go:185.3,185.19 1 0
github.com/fenriz07/simpleswap/x/simpleswap/types/params.pb.go:186.11,189.18 3 0
github.com/fenriz07/simpleswap/x/simpleswap/types/params.pb.go:189.18,191.5 1 0
github.com/fenriz07/simpleswap/x/simpleswap/types/params.pb.go:192.4,192.42 1 0
github.com/fenriz07/simpleswap/x/simpleswap/types/params.pb.go:192.42,194.5 1 0
github.com/fenriz07/simpleswap/x/simpleswap/types/params.pb.go:195.4,195.28 1 0
github.com/fenriz07/simpleswap/x/simpleswap/types/params.pb.go:195.28,197.5 1 0
github.com/fenriz07/simpleswap/x/simpleswap/types/params.pb.go:198.4,198.19 1 0
github.com/fenriz07/simpleswap/x/simpleswap/types/params.pb.go:202.2,202.15 1 0
github.com/fenriz07/simpleswap/x/simpleswap/types/params.pb.go:202.15,204.3 1 0
github.com/fenriz07/simpleswap/x/simpleswap/types/params.pb.go:205.2,205.12 1 0
github.com/fenriz07/simpleswap/x/simpleswap/types/params.pb.go:207.49,211.16 4 0
github.com/fenriz07/simpleswap/x/simpleswap/types/params.pb.go:211.16,213.38 2 0
github.com/fenriz07/simpleswap/x/simpleswap/types/params.pb.go:213.38,214.19 1 0
github.com/fenriz07/simpleswap/x/simpleswap/types/params.pb.go:214.19,216.5 1 0
github.com/fenriz07/simpleswap/x/simpleswap/types/params.pb.go:217.4,217.18 1 0
github.com/fenriz07/simpleswap/x/simpleswap/types/params.pb.go:217.18,219.5 1 0
github.com/fenriz07/simpleswap/x/simpleswap/types/params.pb.go:220.4,223.16 4 0
github.com/fenriz07/simpleswap/x/simpleswap/types/params.pb.go:223.16,224.10 1 0
github.com/fenriz07/simpleswap/x/simpleswap/types/params.pb.go:227.3,228.19 2 0
github.com/fenriz07/simpleswap/x/simpleswap/types/params.pb.go:229.10,230.39 1 0
github.com/fenriz07/simpleswap/x/simpleswap/types/params.pb.go:230.39,231.20 1 0
github.com/fenriz07/simpleswap/x/simpleswap/types/params.pb.go:231.20,233.6 1 0
github.com/fenriz07/simpleswap/x/simpleswap/types/params.pb.go:234.5,234.19 1 0
github.com/fenriz07/simpleswap/x/simpleswap/types/params.pb.go:234.19,236.6 1 0
github.com/fenriz07/simpleswap/x/simpleswap/types/params.pb.go:237.5,238.29 2 0
github.com/fenriz07/simpleswap/x/simpleswap/types/params.pb.go:238.29,239.11 1 0
github.com/fenriz07/simpleswap/x/simpleswap/types/params.pb.go:242.10,243.14 1 0
github.com/fenriz07/simpleswap/x/simpleswap/types/params.pb.go:244.10,246.39 2 0
github.com/fenriz07/simpleswap/x/simpleswap/types/params.pb.go:246.39,247.20 1 0
github.com/fenriz07/simpleswap/x/simpleswap/types/params.pb.go:247.20,249.6 1 0
github.com/fenriz07/simpleswap/x/simpleswap/types/params.pb.go:250.5,250.19 1 0
github.com/fenriz07/simpleswap/x/simpleswap/types/params.pb.go:250.19,252.6 1 0
github.com/fenriz07/simpleswap/x/simpleswap/types/params.pb.go:253.5,256.17 4 0
github.com/fenriz07/simpleswap/x/simpleswap/types/params.pb.go:256.17,257.11 1 0
github.com/fenriz07/simpleswap/x/simpleswap/types/params.pb.go:260.4,260.18 1 0
github.com/fenriz07/simpleswap/x/simpleswap/types/params.pb.go:260.18,262.5 1 0
github.com/fenriz07/simpleswap/x/simpleswap/types/params.pb.go:263.4,263.19 1 0
github.com/fenriz07/simpleswap/x/simpleswap/types/params.pb.go:264.10,265.11 1 0
github.com/fenriz07/simpleswap/x/simpleswap/types/params.pb.go:266.10,267.18 1 0
github.com/fenriz07/simpleswap/x/simpleswap/types/params.pb.go:267.18,269.5 1 0
github.com/fenriz07/simpleswap/x/simpleswap/types/params.pb.go:270.4,270.11 1 0
github.com/fenriz07/simpleswap/x/simpleswap/types/params.pb.go:271.10,272.14 1 0
github.com/fenriz07/simpleswap/x/simpleswap/types/params.pb.go:273.11,274.64 1 0
github.com/fenriz07/simpleswap/x/simpleswap/types/params.pb.go:276.3,276.16 1 0
github.com/fenriz07/simpleswap/x/simpleswap/types/params.pb.go:276.16,278.4 1 0
github.com/fenriz07/simpleswap/x/simpleswap/types/params.pb.go:279.3,279.17 1 0
github.com/fenriz07/simpleswap/x/simpleswap/types/params.pb.go:279.17,281.4 1 0
github.com/fenriz07/simpleswap/x/simpleswap/types/params.pb.go:283.2,283.31 1 0
github.com/fenriz07/simpleswap/x/simpleswap/types/pool.pb.go:33.32,33.47 1 0
github.com/fenriz07/simpleswap/x/simpleswap/types/pool.pb.go:34.32,34.69 1 0
github.com/fenriz07/simpleswap/x/simpleswap/types/pool.pb.go:35.33,35.34 0 0
github.com/fenriz07/simpleswap/x/simpleswap/types/pool.pb.go:36.43,38.2 1 0
github.com/fenriz07/simpleswap/x/simpleswap/types/pool.pb.go:39.46,41.2 1 0
github.com/fenriz07/simpleswap/x/simpleswap/types/pool.pb.go:42.74,43.19 1 0
github.com/fenriz07/simpleswap/x/simpleswap/types/pool.pb.go:43.19,45.3 1 0
github.com/fenriz07/simpleswap/x/simpleswap/types/pool.pb.go:45.8,48.17 3 0
github.com/fenriz07/simpleswap/x/simpleswap/types/pool.pb.go:48.17,50.4 1 0
github.com/fenriz07/simpleswap/x/simpleswap/types/pool.pb.go:51.3,51.20 1 0
github.com/fenriz07/simpleswap/x/simpleswap/types/pool.pb.go:54.45,56.2 1 0
github.com/fenriz07/simpleswap/x/simpleswap/types/pool.pb.go:57.31,59.2 1 0
github.com/fenriz07/simpleswap/x/simpleswap/types/pool.pb.go:60.37,62.2 1 0
github.com/fenriz07/simpleswap/x/simpleswap/types/pool.pb.go:66.34,67.14 1 0
github.com/fenriz07/simpleswap/x/simpleswap/types/pool.pb.go:67.14,69.3 1 0
github.com/fenriz07/simpleswap/x/simpleswap/types/pool.pb.go:70.2,70.11 1 0
github.com/fenriz07/simpleswap/x/simpleswap/types/pool.pb.go:73.36,74.14 1 0
github.com/fenriz07/simpleswap/x/simpleswap/types/pool.pb.go:74.14,76.3 1 0
github.com/fenriz07/simpleswap/x/simpleswap/types/pool.pb.go:77.2,77.11 1 0
github.com/fenriz07/simpleswap/x/simpleswap/types/pool.pb.go:80.33,81.14 1 0
github.com/fenriz07/simpleswap/x/simpleswap/types/pool.pb.go:81.14,83.3 1 0
github.com/fenriz07/simpleswap/x/simpleswap/types/pool.pb.go:84.2,84.11 1 0
github.com/fenriz07/simpleswap/x/simpleswap/types/pool.pb.go:87.35,88.14 1 0
github.com/fenriz07/simpleswap/x/simpleswap/types/pool.pb.go:88.14,90.3 1 0
github.com/fenriz07/simpleswap/x/simpleswap/types/pool.pb.go:91.2,91.11 1 0
github.com/fenriz07/simpleswap/x/simpleswap/types/pool.pb.go:94.33,95.14 1 0
github.com/fenriz07/simpleswap/x/simpleswap/types/pool.pb.go:95.14,97.3 1 0
github.com/fenriz07/simpleswap/x/simpleswap/types/pool.pb.go:98.2,98.11 1 0
github.com/fenriz07/simpleswap/x/simpleswap/types/pool.pb.go:101.13,103.2 1 1
github.com/fenriz07/simpleswap/x/simpleswap/types/pool.pb.go:105.13,105.104 1 1
github.com/fenriz07/simpleswap/x/simpleswap/types/pool.pb.go:124.51,128.16 4 0
github.com/fenriz07/simpleswap/x/simpleswap/types/pool.pb.go:128.16,130.3 1 0
github.com/fenriz07/simpleswap/x/simpleswap/types/pool.pb.go:131.2,131.22 1 0
github.com/fenriz07/simpleswap/x/simpleswap/types/pool.pb.go:134.52,137.2 2 0
github.com/fenriz07/simpleswap/x/simpleswap/types/pool.pb.go:139.63,144.21 5 0
github.com/fenriz07/simpleswap/x/simpleswap/types/pool.pb.go:144.21,150.3 5 0
github.com/fenriz07/simpleswap/x/simpleswap/types/pool.pb.go:151.2,151.23 1 0
github.com/fenriz07/simpleswap/x/simpleswap/types/pool.pb.go:151.23,157.3 5 0
github.com/fenriz07/simpleswap/x/simpleswap/types/pool.pb.go:158.2,158.21 1 0
github.com/fenriz07/simpleswap/x/simpleswap/types/pool.pb.go:158.21,164.3 5 0
github.com/fenriz07/simpleswap/x/simpleswap/types/pool.pb.go:165.2,165.24 1 0
github.com/fenriz07/simpleswap/x/simpleswap/types/pool.pb.go:165.24,171.3 5 0
github.com/fenriz07/simpleswap/x/simpleswap/types/pool.pb.go:172.2,172.22 1 0
github.com/fenriz07/simpleswap/x/simpleswap/types/pool.pb.go:172.22,178.3 5 0
github.com/fenriz07/simpleswap/x/simpleswap/types/pool.pb.go:179.2,179.27 1 0
github.com/fenriz07/simpleswap/x/simpleswap/types/pool.pb.go:182.62,185.16 3 0
github.com/fenriz07/simpleswap/x/simpleswap/types/pool.pb.go:185.16,189.3 3 0
github.com/fenriz07/simpleswap/x/simpleswap/types/pool.pb.go:190.2,191.13 2 0
github.com/fenriz07/simpleswap/x/simpleswap/types/pool.pb.go:193.31,194.14 1 0
github.com/fenriz07/simpleswap/x/simpleswap/types/pool.pb.go:194.14,196.3 1 0
github.com/fenriz07/simpleswap/x/simpleswap/types/pool.pb.go:197.2,200.11 4 0
github.com/fenriz07/simpleswap/x/simpleswap/types/pool.pb.go:200.11,202.3 1 0
github.com/fenriz07/simpleswap/x/simpleswap/types/pool.pb.go:203.2,204.11 2 0
github.com/fenriz07/simpleswap/x/simpleswap/types/pool.pb.go:204.11,206.3 1 0
github.com/fenriz07/simpleswap/x/simpleswap/types/pool.pb.go:207.2,208.11 2 0
github.com/fenriz07/simpleswap/x/simpleswap/types/pool.pb.go:208.11,210.3 1 0
github.com/fenriz07/simpleswap/x/simpleswap/types/pool.pb.go:211.2,212.11 2 0
github.com/fenriz07/simpleswap/x/simpleswap/types/pool.pb.go:212.11,214.3 1 0
github.com/fenriz07/simpleswap/x/simpleswap/types/pool.pb.go:215.2,216.11 2 0
github.com/fenriz07/simpleswap/x/simpleswap/types/pool.pb.go:216.11,218.3 1 0
github.com/fenriz07/simpleswap/x/simpleswap/types/pool.pb.go:219.2,219.10 1 0
github.com/fenriz07/simpleswap/x/simpleswap/types/pool.pb.go:222.32,224.2 1 0
github.com/fenriz07/simpleswap/x/simpleswap/types/pool.pb.go:225.32,227.2 1 0
github.com/fenriz07/simpleswap/x/simpleswap/types/pool.pb.go:228.45,231.16 3 0
github.com/fenriz07/simpleswap/x/simpleswap/types/pool.pb.go:231.16,234.38 3 0
github.com/fenriz07/simpleswap/x/simpleswap/types/pool.pb.go:234.38,235.19 1 0
github.com/fenriz07/simpleswap/x/simpleswap/types/pool.pb.go:235.19,237.5 1 0
github.com/fenriz07/simpleswap/x/simpleswap/types/pool.pb.go:238.4,238.18 1 0
github.com/fenriz07/simpleswap/x/simpleswap/types/pool.pb.go:238.18,240.5 1 0
github.com/fenriz07/simpleswap/x/simpleswap/types/pool.pb.go:241.4,244.16 4 0
github.com/fenriz07/simpleswap/x/simpleswap/types/pool.pb.go:244.16,245.10 1 0
github.com/fenriz07/simpleswap/x/simpleswap/types/pool.pb.go:248.3,250.20 3 0
github.com/fenriz07/simpleswap/x/simpleswap/types/pool.pb.go:250.20,252.4 1 0
github.com/fenriz07/simpleswap/x/simpleswap/types/pool.pb.go:253.3,253.20 1 0
github.com/fenriz07/simpleswap/x/simpleswap/types/pool.pb.go:253.20,255.4 1 0
github.com/fenriz07/simpleswap/x/simpleswap/types/pool.pb.go:256.3,256.19 1 0
github.com/fenriz07/simpleswap/x/simpleswap/types/pool.pb.go:257.10,258.21 1 0
github.com/fenriz07/simpleswap/x/simpleswap/types/pool.pb.go:258.21,260.5 1 0
github.com/fenriz07/simpleswap/x/simpleswap/types/pool.pb.go:261.4,262.39 2 0
github.com/fenriz07/simpleswap/x/simpleswap/types/pool.pb.go:262.39,263.20 1 0
github.com/fenriz07/simpleswap/x/simpleswap/types/pool.pb.go:263.20,265.6 1 0
github.com/fenriz07/simpleswap/x/simpleswap/types/pool.pb.go:266.5,266.19 1 0
github.com/fenriz07/simpleswap/x/simpleswap/types/pool.pb.go:266.19,268.6 1 0
github.com/fenriz07/simpleswap/x/simpleswap/types/pool.pb.go:269.5,272.17 4 0
github.com/fenriz07/simpleswap/x/simpleswap/types/pool.pb.go:272.17,273.11 1 0
github.com/fenriz07/simpleswap/x/simpleswap/types/pool.pb.go:276.4,277.24 2 0
github.com/fenriz07/simpleswap/x/simpleswap/types/pool.pb.go:277.24,279.5 1 0
github.com/fenriz07/simpleswap/x/simpleswap/types/pool.pb.go:280.4,281.21 2 0
github.com/fenriz07/simpleswap/x/simpleswap/types/pool.pb.go:281.21,283.5 1 0
github.com/fenriz07/simpleswap/x/simpleswap/types/pool.pb.go:284.4,284.21 1 0
github.com/fenriz07/simpleswap/x/simpleswap/types/pool.pb.go:284.21,286.5 1 0
github.com/fenriz07/simpleswap/x/simpleswap/types/pool.pb.go:287.4,288.21 2 0
github.com/fenriz07/simpleswap/x/simpleswap/types/pool.pb.go:289.10,290.21 1 0
github.com/fenriz07/simpleswap/x/simpleswap/types/pool.pb.go:290.21,292.5 1 0
github.com/fenriz07/simpleswap/x/simpleswap/types/pool.pb.go:293.4,294.39 2 0
github.com/fenriz07/simpleswap/x/simpleswap/types/pool.pb.go:294.39,295.20 1 0
github.com/fenriz07/simpleswap/x/simpleswap/types/pool.pb.go:295.20,297.6 1 0
github.com/fenriz07/simpleswap/x/simpleswap/types/pool.pb.go:298.5,298.19 1 0
github.com/fenriz07/simpleswap/x/simpleswap/types/pool.pb.go:298.19,300.6 1 0
github.com/fenriz07/simpleswap/x/simpleswap/types/pool.pb.go:301.5,304.17 4 0
github.com/fenriz07/simpleswap/x/simpleswap/types/pool.pb.go:304.17,305.11 1 0
github.com/fenriz07/simpleswap/x/simpleswap/types/pool.pb.go:308.4,309.24 2 0
github.com/fenriz07/simpleswap/x/simpleswap/types/pool.pb.go:309.24,311.5 1 0
github.com/fenriz07/simpleswap/x/simpleswap/types/pool.pb.go:312.4,313.21 2 0
github.com/fenriz07/simpleswap/x/simpleswap/types/pool.pb.go:313.21,315.5 1 0
github.com/fenriz07/simpleswap/x/simpleswap/types/pool.pb.go:316.4,316.21 1 0
github.com/fenriz07/simpleswap/x/simpleswap/types/pool.pb.go:316.21,318.5 1 0
github.com/fenriz07/simpleswap/x/simpleswap/types/pool.pb.go:319.4,320.21 2 0
github.com/fenriz07/simpleswap/x/simpleswap/types/pool.pb.go:321.10,322.21 1 0
github.com/fenriz07/simpleswap/x/simpleswap/types/pool.pb.go:322.21,324.5 1 0
github.com/fenriz07/simpleswap/x/simpleswap/types/pool.pb.go:325.4,326.39 2 0
github.com/fenriz07/simpleswap/x/simpleswap/types/pool.pb.go:326.39,327.20 1 0
github.com/fenriz07/simpleswap/x/simpleswap/types/pool.pb.go:327.20,329.6 1 0
github.com/fenriz07/simpleswap/x/simpleswap/types/pool.pb.go:330.5,330.19 1 0
github.com/fenriz07/simpleswap/x/simpleswap/types/pool.pb.go:330.19,332.6 1 0
github.com/fenriz07/simpleswap/x/simpleswap/types/pool.pb.go:333.5,336.17 4 0
github.com/fenriz07/simpleswap/x/simpleswap/types/pool.pb.go:336.17,337.11 1 0
github.com/fenriz07/simpleswap/x/simpleswap/types/pool.pb.go:340.4,341.24 2 0
github.com/fenriz07/simpleswap/x/simpleswap/types/pool.pb.go:341.24,343.5 1 0
github.com/fenriz07/simpleswap/x/simpleswap/types/pool.pb.go:344.4,345.21 2 0
github.com/fenriz07/simpleswap/x/simpleswap/types/pool.pb.go:345.21,347.5 1 0
github.com/fenriz07/simpleswap/x/simpleswap/types/pool.pb.go:348.4,348.21 1 0
github.com/fenriz07/simpleswap/x/simpleswap/types/pool.pb.go:348.21,350.5 1 0
github.com/fenriz07/simpleswap/x/simpleswap/types/pool.pb.go:351.4,352.21 2 0
github.com/fenriz07/simpleswap/x/simpleswap/types/pool.pb.go:353.10,354.21 1 0
github.com/fenriz07/simpleswap/x/simpleswap/types/pool.pb.go:354.21,356.5 1 0
github.com/fenriz07/simpleswap/x/simpleswap/types/pool.pb.go:357.4,358.39 2 0
github.com/fenriz07/simpleswap/x/simpleswap/types/pool.pb.go:358.39,359.20 1 0
github.com/fenriz07/simpleswap/x/simpleswap/types/pool.pb.go:359.20,361.6 1 0
github.com/fenriz07/simpleswap/x/simpleswap/types/pool.pb.go:362.5,362.19 1 0
github.com/fenriz07/simpleswap/x/simpleswap/types/pool.pb.go:362.19,364.6 1 0
github.com/fenriz07/simpleswap/x/simpleswap/types/pool.pb.go:365.5,368.17 4 0
github.com/fenriz07/simpleswap/x/simpleswap/types/pool.pb.go:368.17,369.11 1 0
github.com/fenriz07/simpleswap/x/simpleswap/types/pool.pb.go:372.4,373.24 2 0
github.com/fenriz07/simpleswap/x/simpleswap/types/pool.pb.go:373.24,375.5 1 0
github.com/fenriz07/simpleswap/x/simpleswap/types/pool.pb.go:376.4,377.21 2 0
github.com/fenriz07/simpleswap/x/simpleswap/types/pool.pb.go:377.21,379.5 1 0
github.com/fenriz07/simpleswap/x/simpleswap/types/pool.pb.go:380.4,380.21 1 0
github.com/fenriz07/simpleswap/x/simpleswap/types/pool.pb.go:380.21,382.5 1 0
github.com/fenriz07/simpleswap/x/simpleswap/types/pool.pb.go:383.4,384.21 2 0
github.com/fenriz07/simpleswap/x/simpleswap/types/pool.pb.go:385.10,386.21 1 0
github.com/fenriz07/simpleswap/x/simpleswap/types/pool.pb.go:386.21,388.5 1 0
github.com/fenriz07/simpleswap/x/simpleswap/types/pool.pb.go:389.4,390.39 2 0
github.com/fenriz07/simpleswap/x/simpleswap/types/pool.pb.go:390.39,391.20 1 0
github.com/fenriz07/simpleswap/x/simpleswap/types/pool.pb.go:391.20,393.6 1 0
github.com/fenriz07/simpleswap/x/simpleswap/types/pool.pb.go:394.5,394.19 1 0
github.com/fenriz07/simpleswap/x/simpleswap/types/pool.pb.go:394.19,396.6 1 0
github.com/fenriz07/simpleswap/x/simpleswap/types/pool.pb.go:397.5,400.17 4 0
github.com/fenriz07/simpleswap/x/simpleswap/types/pool.pb.go:400.17,401.11 1 0
github.com/fenriz07/simpleswap/x/simpleswap/types/pool.pb.go:404.4,405.24 2 0
github.com/fenriz07/simpleswap/x/simpleswap/types/pool.pb.go:405.24,407.5 1 0
github.com/fenriz07/simpleswap/x/simpleswap/types/pool.pb.go:408.4,409.21 2 0
github.com/fenriz07/simpleswap/x/simpleswap/types/pool.pb.go:409.21,411.5 1 0
github.com/fenriz07/simpleswap/x/simpleswap/types/pool.pb.go:412.4,412.21 1 0
github.com/fenriz07/simpleswap/x/simpleswap/types/pool.pb.go:412.21,414.5 1 0
github.com/fenriz07/simpleswap/x/simpleswap/types/pool.pb.go:415.4,416.21 2 0
github.com/fenriz07/simpleswap/x/simpleswap/types/pool.pb.go:417.11,420.18 3 0
github.com/fenriz07/simpleswap/x/simpleswap/types/pool.pb.go:420.18,422.5 1 0
github.com/fenriz07/simpleswap/x/simpleswap/types/pool.pb.go:423.4,423.42 1 0
github.com/fenriz07/simpleswap/x/simpleswap/types/pool.pb.go:423.42,425.5 1 0
github.com/fenriz07/simpleswap/x/simpleswap/types/pool.pb.go:426.4,426.28 1 0
github.com/fenriz07/simpleswap/x/simpleswap/types/pool.pb.go:426.28,428.5 1 0
github.com/fenriz07/simpleswap/x/simpleswap/types/pool.pb.go:429.4,429.19 1 0
github.com/fenriz07/simpleswap/x/simpleswap/types/pool.pb.go:433.2,433.15 1 0
github.com/fenriz07/simpleswap/x/simpleswap/types/pool.pb.go:433.15,435.3 1 0
github.com/fenriz07/simpleswap/x/simpleswap/types/pool.pb.go:436.2,436.12 1 0
github.com/fenriz07/simpleswap/x/simpleswap/types/pool.pb.go:438.47,442.16 4 0
github.com/fenriz07/simpleswap/x/simpleswap/types/pool.pb.go:442.16,444.38 2 0
github.com/fenriz07/simpleswap/x/simpleswap/types/pool.pb.go:444.38,445.19 1 0
github.com/fenriz07/simpleswap/x/simpleswap/types/pool.pb.go:445.19,447.5 1 0
github.com/fenriz07/simpleswap/x/simpleswap/types/pool.pb.go:448.4,448.18 1 0
github.com/fenriz07/simpleswap/x/simpleswap/types/pool.pb.go:448.18,450.5 1 0
github.com/fenriz07/simpleswap/x/simpleswap/types/pool.pb.go:451.4,454.16 4 0
github.com/fenriz07/simpleswap/x/simpleswap/types/pool.pb.go:454.16,455.10 1 0
github.com/fenriz07/simpleswap/x/simpleswap/types/pool.pb.go:458.3,459.19 2 0
github.com/fenriz07/simpleswap/x/simpleswap/types/pool.pb.go:460.10,461.39 1 0
github.com/fenriz07/simpleswap/x/simpleswap/types/pool.pb.go:461.39,462.20 1 0
github.com/fenriz07/simpleswap/x/simpleswap/types/pool.pb.go:462.20,464.6 1 0
github.com/fenriz07/simpleswap/x/simpleswap/types/pool.pb.go:465.5,465.19 1 0
github.com/fenriz07/simpleswap/x/simpleswap/types/pool.pb.go:465.19,467.6 1 0
github.com/fenriz07/simpleswap/x/simpleswap/types/pool.pb.go:468.5,469.29 2 0
github.com/fenriz07/simpleswap/x/simpleswap/types/pool.pb.go:469.29,470.11 1 0
github.com/fenriz07/simpleswap/x/simpleswap/types/pool.pb.go:473.10,474.14 1 0
github.com/fenriz07/simpleswap/x/simpleswap/types/pool.pb.go:475.10,477.39 2 0
github.com/fenriz07/simpleswap/x/simpleswap/types/pool.pb.go:477.39,478.20 1 0
github.com/fenriz07/simpleswap/x/simpleswap/types/pool.pb.go:478.20,480.6 1 0
github.com/fenriz07/simpleswap/x/simpleswap/types/pool.pb.go:481.5,481.19 1 0
github.com/fenriz07/simpleswap/x/simpleswap/types/pool.pb.go:481.19,483.6 1 0
github.com/fenriz07/simpleswap/x/simpleswap/types/pool.pb.go:484.5,487.17 4 0
github.com/fenriz07/simpleswap/x/simpleswap/types/pool.pb.go:487.17,488.11 1 0
github.com/fenriz07/simpleswap/x/simpleswap/types/pool.pb.go:491.4,491.18 1 0
github.com/fenriz07/simpleswap/x/simpleswap/types/pool.pb.go:491.18,493.5 1 0
github.com/fenriz07/simpleswap/x/simpleswap/types/pool.pb.go:494.4,494.19 1 0
github.com/fenriz07/simpleswap/x/simpleswap/types/pool.pb.go:495.10,496.11 1 0
github.com/fenriz07/simpleswap/x/simpleswap/types/pool.pb.go:497.10,498.18 1 0
github.com/fenriz07/simpleswap/x/simpleswap/types/pool.pb.go:498.18,500.5 1 0
github.com/fenriz07/simpleswap/x/simpleswap/types/pool.pb.go:501.4,501.11 1 0
github.com/fenriz07/simpleswap/x/simpleswap/types/pool.pb.go:502.10,503.14 1 0
github.com/fenriz07/simpleswap/x/simpleswap/types/pool.pb.go:504.11,505.64 1 0
github.com/fenriz07/simpleswap/x/simpleswap/types/pool.pb.go:507.3,507.16 1 0
github.com/fenriz07/simpleswap/x/simpleswap/types/pool.pb.go:507.16,509.4 1 0
github.com/fenriz07/simpleswap/x/simpleswap/types/pool.pb.go:510.3,510.17 1 0
github.com/fenriz07/simpleswap/x/simpleswap/types/pool.pb.go:510.17,512.4 1 0
github.com/fenriz07/simpleswap/x/simpleswap/types/pool.pb.go:514.2,514.31 1 0
github.com/fenriz07/simpleswap/x/simpleswap/types/query.pb.go:38.46,38.75 1 0
github.com/fenriz07/simpleswap/x/simpleswap/types/query.pb.go:39.46,39.83 1 0
github.com/fenriz07/simpleswap/x/simpleswap/types/query.pb.go:40.47,40.48 0 0
github.com/fenriz07/simpleswap/x/simpleswap/types/query.pb.go:41.57,43.2 1 0
github.com/fenriz07/simpleswap/x/simpleswap/types/query.pb.go:44.60,46.2 1 0
github.com/fenriz07/simpleswap/x/simpleswap/types/query.pb.go:47.88,48.19 1 0
github.com/fenriz07/simpleswap/x/simpleswap/types/query.pb.go:48.19,50.3 1 0
github.com/fenriz07/simpleswap/x/simpleswap/types/query.pb.go:50.8,53.17 3 0
github.com/fenriz07/simpleswap/x/simpleswap/types/query.pb.go:53.17,55.4 1 0
github.com/fenriz07/simpleswap/x/simpleswap/types/query.pb.go:56.3,56.20 1 0
github.com/fenriz07/simpleswap/x/simpleswap/types/query.pb.go:59.59,61.2 1 0
github.com/fenriz07/simpleswap/x/simpleswap/types/query.pb.go:62.45,64.2 1 0
github.com/fenriz07/simpleswap/x/simpleswap/types/query.pb.go:65.51,67.2 1 0
github.com/fenriz07/simpleswap/x/simpleswap/types/query.pb.go:77.47,77.77 1 0
github.com/fenriz07/simpleswap/x/simpleswap/types/query.pb.go:78.47,78.84 1 0
github.com/fenriz07/simpleswap/x/simpleswap/types/query.pb.go:79.48,79.49 0 0
github.com/fenriz07/simpleswap/x/simpleswap/types/query.pb.go:80.58,82.2 1 0
github.com/fenriz07/simpleswap/x/simpleswap/types/query.pb.go:83.61,85.2 1 0
github.com/fenriz07/simpleswap/x/simpleswap/types/query.pb.go:86.89,87.19 1 0
github.com/fenriz07/simpleswap/x/simpleswap/types/query.pb.go:87.19,89.3 1 0
github.com/fenriz07/simpleswap/x/simpleswap/types/query.pb.go:89.8,92.17 3 0
github.com/fenriz07/simpleswap/x/simpleswap/types/query.pb.go:92.17,94.4 1 0
github.com/fenriz07/simpleswap/x/simpleswap/types/query.pb.go:95.3,95.20 1 0
github.com/fenriz07/simpleswap/x/simpleswap/types/query.pb.go:98.60,100.2 1 0
github.com/fenriz07/simpleswap/x/simpleswap/types/query.pb.go:101.46,103.2 1 0
github.com/fenriz07/simpleswap/x/simpleswap/types/query.pb.go:104.52,106.2 1 0
github.com/fenriz07/simpleswap/x/simpleswap/types/query.pb.go:110.50,111.14 1 0
github.com/fenriz07/simpleswap/x/simpleswap/types/query.pb.go:111.14,113.3 1 0
github.com/fenriz07/simpleswap/x/simpleswap/types/query.pb.go:114.2,114.17 1 0
github.com/fenriz07/simpleswap/x/simpleswap/types/query.pb.go:120.53,120.89 1 0
github.com/fenriz07/simpleswap/x/simpleswap/types/query.pb.go:121.53,121.90 1 0
github.com/fenriz07/simpleswap/x/simpleswap/types/query.pb.go:122.54,122.55 0 0
github.com/fenriz07/simpleswap/x/simpleswap/types/query.pb.go:123.64,125.2 1 0
github.com/fenriz07/simpleswap/x/simpleswap/types/query.pb.go:126.67,128.2 1 0
github.com/fenriz07/simpleswap/x/simpleswap/types/query.pb.go:129.95,130.19 1 0
github.com/fenriz07/simpleswap/x/simpleswap/types/query.pb.go:130.19,132.3 1 0
github.com/fenriz07/simpleswap/x/simpleswap/types/query.pb.go:132.8,135.17 3 0
github.com/fenriz07/simpleswap/x/simpleswap/types/query.pb.go:135.17,137.4 1 0
github.com/fenriz07/simpleswap/x/simpleswap/types/query.pb.go:138.3,138.20 1 0
github.com/fenriz07/simpleswap/x/simpleswap/types/query.pb.go:141.66,143.2 1 0
github.com/fenriz07/simpleswap/x/simpleswap/types/query.pb.go:144.52,146.2 1 0
github.com/fenriz07/simpleswap/x/simpleswap/types/query.pb.go:147.58,149.2 1 0
github.com/fenriz07/simpleswap/x/simpleswap/types/query.pb.go:157.54,157.91 1 0
github.com/fenriz07/simpleswap/x/simpleswap/types/query.pb.go:158.54,158.91 1 0
github.com/fenriz07/simpleswap/x/simpleswap/types/query.pb.go:159.55,159.56 0 0
github.com/fenriz07/simpleswap/x/simpleswap/types/query.pb.go:160.65,162.2 1 0
github.com/fenriz07/simpleswap/x/simpleswap/types/query.pb.go:163.68,165.2 1 0
github.com/fenriz07/simpleswap/x/simpleswap/types/query.pb.go:166.96,167.19 1 0
github.com/fenriz07/simpleswap/x/simpleswap/types/query.pb.go:167.19,169.3 1 0
github.com/fenriz07/simpleswap/x/simpleswap/types/query.pb.go:169.8,172.17 3 0
github.com/fenriz07/simpleswap/x/simpleswap/types/query.pb.go:172.17,174.4 1 0
github.com/fenriz07/simpleswap/x/simpleswap/types/query.pb.go:175.3,175.20 1 0
github.com/fenriz07/simpleswap/x/simpleswap/types/query.pb.go:178.67,180.2 1 0
github.com/fenriz07/simpleswap/x/simpleswap/types/query.pb.go:181.53,183.2 1 0
github.com/fenriz07/simpleswap/x/simpleswap/types/query.pb.go:184.59,186.2 1 0
github.com/fenriz07/simpleswap/x/simpleswap/types/query.pb.go:190.65,191.14 1 0
github.com/fenriz07/simpleswap/x/simpleswap/types/query.pb.go:191.14,193.3 1 0
github.com/fenriz07/simpleswap/x/simpleswap/types/query.pb.go:194.2,194.21 1 0
github.com/fenriz07/simpleswap/x/simpleswap/types/query.pb.go:201.63,201.109 1 0
github.com/fenriz07/simpleswap/x/simpleswap/types/query.pb.go:202.63,202.100 1 0
github.com/fenriz07/simpleswap/x/simpleswap/types/query.pb.go:203.64,203.65 0 0
github.com/fenriz07/simpleswap/x/simpleswap/types/query.pb.go:204.74,206.2 1 0
github.com/fenriz07/simpleswap/x/simpleswap/types/query.pb.go:207.77,209.2 1 0
github.com/fenriz07/simpleswap/x/simpleswap/types/query.pb.go:210.105,211.19 1 0
github.com/fenriz07/simpleswap/x/simpleswap/types/query.pb.go:211.19,213.3 1 0
github.com/fenriz07/simpleswap/x/simpleswap/types/query.pb.go:213.8,216.17 3 0
github.com/fenriz07/simpleswap/x/simpleswap/types/query.pb.go:216.17,218.4 1 0
github.com/fenriz07/simpleswap/x/simpleswap/types/query.pb.go:219.3,219.20 1 0
github.com/fenriz07/simpleswap/x/simpleswap/types/query.pb.go:222.76,224.2 1 0
github.com/fenriz07/simpleswap/x/simpleswap/types/query.pb.go:225.62,227.2 1 0
github.com/fenriz07/simpleswap/x/simpleswap/types/query.pb.go:228.68,230.2 1 0
github.com/fenriz07/simpleswap/x/simpleswap/types/query.pb.go:234.65,235.14 1 0
github.com/fenriz07/simpleswap/x/simpleswap/types/query.pb.go:235.14,237.3 1 0
github.com/fenriz07/simpleswap/x/simpleswap/types/query.pb.go:238.2,238.11 1 0
github.com/fenriz07/simpleswap/x/simpleswap/types/query.pb.go:245.64,245.111 1 0
github.com/fenriz07/simpleswap/x/simpleswap/types/query.pb.go:246.64,246.101 1 0
github.com/fenriz07/simpleswap/x/simpleswap/types/query.pb.go:247.65,247.66 0 0
github.com/fenriz07/simpleswap/x/simpleswap/types/query.pb.go:248.75,250.2 1 0
github.com/fenriz07/simpleswap/x/simpleswap/types/query.pb.go:251.78,253.2 1 0
github.com/fenriz07/simpleswap/x/simpleswap/types/query.pb.go:254.106,255.19 1 0
github.com/fenriz07/simpleswap/x/simpleswap/types/query.pb.go:255.19,257.3 1 0
github.com/fenriz07/simpleswap/x/simpleswap/types/query.pb.go:257.8,260.17 3 0
github.com/fenriz07/simpleswap/x/simpleswap/types/query.pb.go:260.17,262.4 1 0
github.com/fenriz07/simpleswap/x/simpleswap/types/query.pb.go:263.3,263.20 1 0
github.com/fenriz07/simpleswap/x/simpleswap/types/query.pb.go:266.77,268.2 1 0
github.com/fenriz07/simpleswap/x/simpleswap/types/query.pb.go:269.63,271.2 1 0
github.com/fenriz07/simpleswap/x/simpleswap/types/query.pb.go:272.69,274.2 1 0
github.com/fenriz07/simpleswap/x/simpleswap/types/query.pb.go:278.95,279.14 1 0
github.com/fenriz07/simpleswap/x/simpleswap/types/query.pb.go:279.14,281.3 1 0
github.com/fenriz07/simpleswap/x/simpleswap/types/query.pb.go:282.2,282.31 1 0
github.com/fenriz07/simpleswap/x/simpleswap/types/query.pb.go:289.63,289.109 1 0
github.com/fenriz07/simpleswap/x/simpleswap/types/query.pb.go:290.63,290.100 1 0
github.com/fenriz07/simpleswap/x/simpleswap/types/query.pb.go:291.64,291.65 0 0
github.com/fenriz07/simpleswap/x/simpleswap/types/query.pb.go:292.74,294.2 1 0
github.com/fenriz07/simpleswap/x/simpleswap/types/query.pb.go:295.77,297.2 1 0
github.com/fenriz07/simpleswap/x/simpleswap/types/query.pb.go:298.105,299.19 1 0
github.com/fenriz07/simpleswap/x/simpleswap/types/query.pb.go:299.19,301.3 1 0
github.com/fenriz07/simpleswap/x/simpleswap/types/query.pb.go:301.8,304.17 3 0
github.com/fenriz07/simpleswap/x/simpleswap/types/query.pb.go:304.17,306.4 1 0
github.com/fenriz07/simpleswap/x/simpleswap/types/query.pb.go:307.3,307.20 1 0
github.com/fenriz07/simpleswap/x/simpleswap/types/query.pb.go:310.76,312.2 1 0
github.com/fenriz07/simpleswap/x/simpleswap/types/query.pb.go:313.62,315.2 1 0
github.com/fenriz07/simpleswap/x/simpleswap/types/query.pb.go:316.68,318.2 1 0
github.com/fenriz07/simpleswap/x/simpleswap/types/query.pb.go:322.82,323.14 1 0
github.com/fenriz07/simpleswap/x/simpleswap/types/query.pb.go:323.14,325.3 1 0
github.com/fenriz07/simpleswap/x/simpleswap/types/query.pb.go:326.2,326.12 1 0
github.com/fenriz07/simpleswap/x/simpleswap/types/query.pb.go:334.64,334.111 1 0
github.com/fenriz07/simpleswap/x/simpleswap/types/query.pb.go:335.64,335.101 1 0
github.com/fenriz07/simpleswap/x/simpleswap/types/query.pb.go:336.65,336.66 0 0
github.com/fenriz07/simpleswap/x/simpleswap/types/query.pb.go:337.75,339.2 1 0
github.com/fenriz07/simpleswap/x/simpleswap/types/query.pb.go:340.78,342.2 1 0
github.com/fenriz07/simpleswap/x/simpleswap/types/query.pb.go:343.106,344.19 1 0
github.com/fenriz07/simpleswap/x/simpleswap/types/query.pb.go:344.19,346.3 1 0
github.com/fenriz07/simpleswap/x/simpleswap/types/query.pb.go:346.8,349.17 3 0
github.com/fenriz07/simpleswap/x/simpleswap/types/query.pb.go:349.17,351.4 1 0
github.com/fenriz07/simpleswap/x/simpleswap/types/query.pb.go:352.3,352.20 1 0
github.com/fenriz07/simpleswap/x/simpleswap/types/query.pb.go:355.77,357.2 1 0
github.com/fenriz07/simpleswap/x/simpleswap/types/query.pb.go:358.63,360.2 1 0
github.com/fenriz07/simpleswap/x/simpleswap/types/query.pb.go:361.69,363.2 1 0
github.com/fenriz07/simpleswap/x/simpleswap/types/query.pb.go:367.97,368.14 1 0
github.com/fenriz07/simpleswap/x/simpleswap/types/query.pb.go:368.14,370.3 1 0
github.com/fenriz07/simpleswap/x/simpleswap/types/query.pb.go:371.2,371.12 1 0
github.com/fenriz07/simpleswap/x/simpleswap/types/query.pb.go:374.84,375.14 1 0
github.com/fenriz07/simpleswap/x/simpleswap/types/query.pb.go:375.14,377.3 1 0
github.com/fenriz07/simpleswap/x/simpleswap/types/query.pb.go:378.2,378.12 1 0
github.com/fenriz07/simpleswap/x/simpleswap/types/query.pb.go:385.47,385.77 1 0
github.com/fenriz07/simpleswap/x/simpleswap/types/query.pb.go:386.47,386.84 1 0
github.com/fenriz07/simpleswap/x/simpleswap/types/query.pb.go:387.48,387.49 0 0
github.com/fenriz07/simpleswap/x/simpleswap/types/query.pb.go:388.58,390.2 1 0
github.com/fenriz07/simpleswap/x/simpleswap/types/query.pb.go:391.61,393.2 1 0
github.com/fenriz07/simpleswap/x/simpleswap/types/query.pb.go:394.89,395.19 1 0
github.com/fenriz07/simpleswap/x/simpleswap/types/query.pb.go:395.19,397.3 1 0
github.com/fenriz07/simpleswap/x/simpleswap/types/query.pb.go:397.8,400.17 3 0
github.com/fenriz07/simpleswap/x/simpleswap/types/query.pb.go:400.17,402.4 1 0
github.com/fenriz07/simpleswap/x/simpleswap/types/query.pb.go:403.3,403.20 1 0
github.com/fenriz07/simpleswap/x/simpleswap/types/query.pb.go:406.60,408.2 1 0
github.com/fenriz07/simpleswap/x/simpleswap/types/query.pb.go:409.46,411.2 1 0
github.com/fenriz07/simpleswap/x/simpleswap/types/query.pb.go:412.52,414.2 1 0
github.com/fenriz07/simpleswap/x/simpleswap/types/query.pb.go:418.49,419.14 1 0
github.com/fenriz07/simpleswap/x/simpleswap/types/query.pb.go:419.14,421.3 1 0
github.com/fenriz07/simpleswap/x/simpleswap/types/query.pb.go:422.2,422.11 1 0
github.com/fenriz07/simpleswap/x/simpleswap/types/query.pb.go:429.48,429.79 1 0
github.com/fenriz07/simpleswap/x/simpleswap/types/query.pb.go:430.48,430.85 1 0
github.com/fenriz07/simpleswap/x/simpleswap/types/query.pb.go:431.49,431.50 0 0
github.com/fenriz07/simpleswap/x/simpleswap/types/query.pb.go:432.59,434.2 1 0
github.com/fenriz07/simpleswap/x/simpleswap/types/query.pb.go:435.62,437.2 1 0
github.com/fenriz07/simpleswap/x/simpleswap/types/query.pb.go:438.90,439.19 1 0
github.com/fenriz07/simpleswap/x/simpleswap/types/query.pb.go:439.19,441.3 1 0
github.com/fenriz07/simpleswap/x/simpleswap/types/query.pb.go:441.8,444.17 3 0
github.com/fenriz07/simpleswap/x/simpleswap/types/query.pb.go:444.17,446.4 1 0
github.com/fenriz07/simpleswap/x/simpleswap/types/query.pb.go:447.3,447.20 1 0
github.com/fenriz07/simpleswap/x/simpleswap/types/query.pb.go:450.61,452.2 1 0
github.com/fenriz07/simpleswap/x/simpleswap/types/query.pb.go:453.47,455.2 1 0
github.com/fenriz07/simpleswap/x/simpleswap/types/query.pb.go:456.53,458.2 1 0
github.com/fenriz07/simpleswap/x/simpleswap/types/query.pb.go:462.47,463.14 1 0
github.com/fenriz07/simpleswap/x/simpleswap/types/query.pb.go:463.14,465.3 1 0
github.com/fenriz07/simpleswap/x/simpleswap/types/query.pb.go:466.2,466.15 1 0
github.com/fenriz07/simpleswap/x/simpleswap/types/query.pb.go:473.47,473.77 1 0
github.com/fenriz07/simpleswap/x/simpleswap/types/query.pb.go:474.47,474.84 1 0
github.com/fenriz07/simpleswap/x/simpleswap/types/query.pb.go:475.48,475.49 0 0
github.com/fenriz07/simpleswap/x/simpleswap/types/query.pb.go:476.58,478.2 1 0
github.com/fenriz07/simpleswap/x/simpleswap/types/query.pb.go:479.61,481.2 1 0
github.com/fenriz07/simpleswap/x/simpleswap/types/query.pb.go:482.89,483.19 1 0
github.com/fenriz07/simpleswap/x/simpleswap/types/query.pb.go:483.19,485.3 1 0
github.com/fenriz07/simpleswap/x/simpleswap/types/query.pb.go:485.8,488.17 3 0
github.com/fenriz07/simpleswap/x/simpleswap/types/query.pb.go:488.17,490.4 1 0
github.com/fenriz07/simpleswap/x/simpleswap/types/query.pb.go:491.3,491.20 1 0
github.com/fenriz07/simpleswap/x/simpleswap/types/query.pb.go:494.60,496.2 1 0
github.com/fenriz07/simpleswap/x/simpleswap/types/query.pb.go:497.46,499.2 1 0
github.com/fenriz07/simpleswap/x/simpleswap/types/query.pb.go:500.52,502.2 1 0
github.com/fenriz07/simpleswap/x/simpleswap/types/query.pb.go:506.66,507.14 1 0
github.com/fenriz07/simpleswap/x/simpleswap/types/query.pb.go:507.14,509.3 1 0
github.com/fenriz07/simpleswap/x/simpleswap/types/query.pb.go:510.2,510.12 1 0
github.com/fenriz07/simpleswap/x/simpleswap/types/query.pb.go:518.48,518.79 1 0
github.com/fenriz07/simpleswap/x/simpleswap/types/query.pb.go:519.48,519.85 1 0
github.com/fenriz07/simpleswap/x/simpleswap/types/query.pb.go:520.49,520.50 0 0
github.com/fenriz07/simpleswap/x/simpleswap/types/query.pb.go:521.59,523.2 1 0
github.com/fenriz07/simpleswap/x/simpleswap/types/query.pb.go:524.62,526.2 1 0
github.com/fenriz07/simpleswap/x/simpleswap/types/query.pb.go:527.90,528.19 1 0
github.com/fenriz07/simpleswap/x/simpleswap/types/query.pb.go:528.19,530.3 1 0
github.com/fenriz07/simpleswap/x/simpleswap/types/query.pb.go:530.8,533.17 3 0
github.com/fenriz07/simpleswap/x/simpleswap/types/query.pb.go:533.17,535.4 1 0
github.com/fenriz07/simpleswap/x/simpleswap/types/query.pb.go:536.3,536.20 1 0
github.com/fenriz07/simpleswap/x/simpleswap/types/query.pb.go:539.61,541.2 1 0
github.com/fenriz07/simpleswap/x/simpleswap/types/query.pb.go:542.47,544.2 1 0
github.com/fenriz07/simpleswap/x/simpleswap/types/query.pb.go:545.53,547.2 1 0
github.com/fenriz07/simpleswap/x/simpleswap/types/query.pb.go:551.49,552.14 1 0
github.com/fenriz07/simpleswap/x/simpleswap/types/query.pb.go:552.14,554.3 1 0
github.com/fenriz07/simpleswap/x/simpleswap/types/query.pb.go:555.2,555.12 1 0
github.com/fenriz07/simpleswap/x/simpleswap/types/query.pb.go:558.68,559.14 1 0
github.com/fenriz07/simpleswap/x/simpleswap/types/query.pb.go:559.14,561.3 1 0
github.com/fenriz07/simpleswap/x/simpleswap/types/query.pb.go:562.2,562.12 1 0
github.com/fenriz07/simpleswap/x/simpleswap/types/query.pb.go:565.13,578.2 12 1
github.com/fenriz07/simpleswap/x/simpleswap/types/query.pb.go:580.13,580.105 1 1
github.com/fenriz07/simpleswap/x/simpleswap/types/query.pb.go:661.54,663.2 1 0
github.com/fenriz07/simpleswap/x/simpleswap/types/query.pb.go:665.130,668.16 3 0
github.com/fenriz07/simpleswap/x/simpleswap/types/query.pb.go:668.16,670.3 1 0
github.com/fenriz07/simpleswap/x/simpleswap/types/query.pb.go:671.2,671.17 1 0
github.com/fenriz07/simpleswap/x/simpleswap/types/query.pb.go:674.148,677.16 3 0
github.com/fenriz07/simpleswap/x/simpleswap/types/query.pb.go:677.16,679.3 1 0
github.com/fenriz07/simpleswap/x/simpleswap/types/query.pb.go:680.2,680.17 1 0
github.com/fenriz07/simpleswap/x/simpleswap/types/query.pb.go:683.178,686.16 3 0
github.com/fenriz07/simpleswap/x/simpleswap/types/query.pb.go:686.16,688.3 1 0
github.com/fenriz07/simpleswap/x/simpleswap/types/query.pb.go:689.2,689.17 1 0
github.com/fenriz07/simpleswap/x/simpleswap/types/query.pb.go:692.181,695.16 3 0
github.com/fenriz07/simpleswap/x/simpleswap/types/query.pb.go:695.16,697.3 1 0
github.com/fenriz07/simpleswap/x/simpleswap/types/query.pb.go:698.2,698.17 1 0
github.com/fenriz07/simpleswap/x/simpleswap/types/query.pb.go:701.130,704.16 3 0
github.com/fenriz07/simpleswap/x/simpleswap/types/query.pb.go:704.16,706.3 1 0
github.com/fenriz07/simpleswap/x/simpleswap/types/query.pb.go:707.2,707.17 1 0
github.com/fenriz07/simpleswap/x/simpleswap/types/query.pb.go:710.133,713.16 3 0
github.com/fenriz07/simpleswap/x/simpleswap/types/query.pb.go:713.16,715.3 1 0
github.com/fenriz07/simpleswap/x/simpleswap/types/query.pb.go:716.2,716.17 1 0
github.com/fenriz07/simpleswap/x/simpleswap/types/query.pb.go:737.117,739.2 1 0
github.com/fenriz07/simpleswap/x/simpleswap/types/query.pb.go:740.135,742.2 1 0
github.com/fenriz07/simpleswap/x/simpleswap/types/query.pb.go:743.165,745.2 1 0
github.com/fenriz07/simpleswap/x/simpleswap/types/query.pb.go:746.168,748.2 1 0
github.com/fenriz07/simpleswap/x/simpleswap/types/query.pb.go:749.117,751.2 1 0
github.com/fenriz07/simpleswap/x/simpleswap/types/query.pb.go:752.120,754.2 1 0
github.com/fenriz07/simpleswap/x/simpleswap/types/query.pb.go:756.59,758.2 1 0
github.com/fenriz07/simpleswap/x/simpleswap/types/query.pb.go:760.157,762.32 2 0
github.com/fenriz07/simpleswap/x/simpleswap/types/query.pb.go:762.32,764.3 1 0
github.com/fenriz07/simpleswap/x/simpleswap/types/query.pb.go:765.2,765.24 1 0
github.com/fenriz07/simpleswap/x/simpleswap/types/query.pb.go:765.24,767.3 1 0
github.com/fenriz07/simpleswap/x/simpleswap/types/query.pb.go:768.2,772.77 2 0
github.com/fenriz07/simpleswap/x/simpleswap/types/query.pb.go:772.77,774.3 1 0
github.com/fenriz07/simpleswap/x/simpleswap/types/query.pb.go:775.2,775.44 1 0
github.com/fenriz07/simpleswap/x/simpleswap/types/query.pb.go:778.161,780.32 2 0
github.com/fenriz07/simpleswap/x/simpleswap/types/query.pb.go:780.32,782.3 1 0
github.com/fenriz07/simpleswap/x/simpleswap/types/query.pb.go:783.2,783.24 1 0
github.com/fenriz07/simpleswap/x/simpleswap/types/query.pb.go:783.24,785.3 1 0
github.com/fenriz07/simpleswap/x/simpleswap/types/query.pb.go:786.2,790.77 2 0
github.com/fenriz07/simpleswap/x/simpleswap/types/query.pb.go:790.77,792.3 1 0
github.com/fenriz07/simpleswap/x/simpleswap/types/query.pb.go:793.2,793.44 1 0
github.com/fenriz07/simpleswap/x/simpleswap/types/query.pb.go:796.171,798.32 2 0
github.com/fenriz07/simpleswap/x/simpleswap/types/query.pb.go:798.32,800.3 1 0
github.com/fenriz07/simpleswap/x/simpleswap/types/query.pb.go:801.2,801.24 1 0
github.com/fenriz07/simpleswap/x/simpleswap/types/query.pb.go:801.24,803.3 1 0
github.com/fenriz07/simpleswap/x/simpleswap/types/query.pb.go:804.2,808.77 2 0
github.com/fenriz07/simpleswap/x/simpleswap/types/query.pb.go:808.77,810.3 1 0
github.com/fenriz07/simpleswap/x/simpleswap/types/query.pb.go:811.2,811.44 1 0
github.com/fenriz07/simpleswap/x/simpleswap/types/query.pb.go:814.174,816.32 2 0
github.com/fenriz07/simpleswap/x/simpleswap/types/query.pb.go:816.32,818.3 1 0
github.com/fenriz07/simpleswap/x/simpleswap/types/query.pb.go:819.2,819.24 1 0
github.com/fenriz07/simpleswap/x/simpleswap/types/query.pb.go:819.24,821.3 1 0
github.com/fenriz07/simpleswap/x/simpleswap/types/query.pb.go:822.2,826.77 2 0
github.com/fenriz07/simpleswap/x/simpleswap/types/query.pb.go:826.77,828.3 1 0
github.com/fenriz07/simpleswap/x/simpleswap/types/query.pb.go:829.2,829.44 1 0
github.com/fenriz07/simpleswap/x/simpleswap/types/query.pb.go:832.155,834.32 2 0
github.com/fenriz07/simpleswap/x/simpleswap/types/query.pb.go:834.32,836.3 1 0
github.com/fenriz07/simpleswap/x/simpleswap/types/query.pb.go:837.2,837.24 1 0
github.com/fenriz07/simpleswap/x/simpleswap/types/query.pb.go:837.24,839.3 1 0
github.com/fenriz07/simpleswap/x/simpleswap/types/query.pb.go:840.2,844.77 2 0
github.com/fenriz07/simpleswap/x/simpleswap/types/query.pb.go:844.77,846.3 1 0
github.com/fenriz07/simpleswap/x/simpleswap/types/query.pb.go:847.2,847.44 1 0
github.com/fenriz07/simpleswap/x/simpleswap/types/query.pb.go:850.158,852.32 2 0
github.com/fenriz07/simpleswap/x/simpleswap/types/query.pb.go:852.32,854.3 1 0
github.com/fenriz07/simpleswap/x/simpleswap/types/query.pb.go:855.2,855.24 1 0
github.com/fenriz07/simpleswap/x/simpleswap/types/query.pb.go:855.24,857.3 1 0
github.com/fenriz07/simpleswap/x/simpleswap/types/query.pb.go:858.2,862.77 2 0
github.com/fenriz07/simpleswap/x/simpleswap/types/query.pb.go:862.77,864.3 1 0
github.com/fenriz07/simpleswap/x/simpleswap/types/query.pb.go:865.2,865.44 1 0
github.com/fenriz07/simpleswap/x/simpleswap/types/query.pb.go:901.65,905.16 4 0
github.com/fenriz07/simpleswap/x/simpleswap/types/query.pb.go:905.16,907.3 1 0
github.com/fenriz07/simpleswap/x/simpleswap/types/query.pb.go:908.2,908.22 1 0
github.com/fenriz07/simpleswap/x/simpleswap/types/query.pb.go:911.66,914.2 2 0
github.com/fenriz07/simpleswap/x/simpleswap/types/query.pb.go:916.77,922.2 5 0
github.com/fenriz07/simpleswap/x/simpleswap/types/query.pb.go:924.66,928.16 4 0
github.com/fenriz07/simpleswap/x/simpleswap/types/query.pb.go:928.16,930.3 1 0
github.com/fenriz07/simpleswap/x/simpleswap/types/query.pb.go:931.2,931.22 1 0
github.com/fenriz07/simpleswap/x/simpleswap/types/query.pb.go:934.67,937.2 2 0
github.com/fenriz07/simpleswap/x/simpleswap/types/query.pb.go:939.78,944.2 5 0
github.com/fenriz07/simpleswap/x/simpleswap/types/query.pb.go:944.2,946.17 2 0
github.com/fenriz07/simpleswap/x/simpleswap/types/query.pb.go:946.17,948.4 1 0
github.com/fenriz07/simpleswap/x/simpleswap/types/query.pb.go:949.3,950.47 2 0
github.com/fenriz07/simpleswap/x/simpleswap/types/query.pb.go:952.2,954.27 3 0
github.com/fenriz07/simpleswap/x/simpleswap/types/query.pb.go:957.72,961.16 4 0
github.com/fenriz07/simpleswap/x/simpleswap/types/query.pb.go:961.16,963.3 1 0
github.com/fenriz07/simpleswap/x/simpleswap/types/query.pb.go:964.2,964.22 1 0
github.com/fenriz07/simpleswap/x/simpleswap/types/query.pb.go:967.73,970.2 2 0
github.com/fenriz07/simpleswap/x/simpleswap/types/query.pb.go:972.84,978.2 5 0
github.com/fenriz07/simpleswap/x/simpleswap/types/query.pb.go:980.73,984.16 4 0
github.com/fenriz07/simpleswap/x/simpleswap/types/query.pb.go:984.16,986.3 1 0
github.com/fenriz07/simpleswap/x/simpleswap/types/query.pb.go:987.2,987.22 1 0
github.com/fenriz07/simpleswap/x/simpleswap/types/query.pb.go:990.74,993.2 2 0
github.com/fenriz07/simpleswap/x/simpleswap/types/query.pb.go:995.85,1000.2 5 0
github.com/fenriz07/simpleswap/x/simpleswap/types/query.pb.go:1000.2,1002.17 2 0
github.com/fenriz07/simpleswap/x/simpleswap/types/query.pb.go:1002.17,1004.4 1 0
github.com/fenriz07/simpleswap/x/simpleswap/types/query.pb.go:1005.3,1006.47 2 0
github.com/fenriz07/simpleswap/x/simpleswap/types/query.pb.go:1008.2,1010.27 3 0
github.com/fenriz07/simpleswap/x/simpleswap/types/query.pb.go:1013.82,1017.16 4 0
github.com/fenriz07/simpleswap/x/simpleswap/types/query.pb.go:1017.16,1019.3 1 0
github.com/fenriz07/simpleswap/x/simpleswap/types/query.pb.go:1020.2,1020.22 1 0
github.com/fenriz07/simpleswap/x/simpleswap/types/query.pb.go:1023.83,1026.2 2 0
github.com/fenriz07/simpleswap/x/simpleswap/types/query.pb.go:1028.94,1033.22 5 0
github.com/fenriz07/simpleswap/x/simpleswap/types/query.pb.go:1033.22,1039.3 5 0
github.com/fenriz07/simpleswap/x/simpleswap/types/query.pb.go:1040.2,1040.27 1 0
github.com/fenriz07/simpleswap/x/simpleswap/types/query.pb.go:1043.83,1047.16 4 0
github.com/fenriz07/simpleswap/x/simpleswap/types/query.pb.go:1047.16,1049.3 1 0
github.com/fenriz07/simpleswap/x/simpleswap/types/query.pb.go:1050.2,1050.22 1 0
github.com/fenriz07/simpleswap/x/simpleswap/types/query.pb.go:1053.84,1056.2 2 0
github.com/fenriz07/simpleswap/x/simpleswap/types/query.pb.go:1058.95,1063.2 5 0
github.com/fenriz07/simpleswap/x/simpleswap/types/query.pb.go:1063.2,1065.17 2 0
github.com/fenriz07/simpleswap/x/simpleswap/types/query.pb.go:1065.17,1067.4 1 0
github.com/fenriz07/simpleswap/x/simpleswap/types/query.pb.go:1068.3,1069.47 2 0
github.com/fenriz07/simpleswap/x/simpleswap/types/query.pb.go:1071.2,1073.27 3 0
github.com/fenriz07/simpleswap/x/simpleswap/types/query.pb.go:1076.82,1080.16 4 0
github.com/fenriz07/simpleswap/x/simpleswap/types/query.pb.go:1080.16,1082.3 1 0
github.com/fenriz07/simpleswap/x/simpleswap/types/query.pb.go:1083.2,1083.22 1 0
github.com/fenriz07/simpleswap/x/simpleswap/types/query.pb.go:1086.83,1089.2 2 0
github.com/fenriz07/simpleswap/x/simpleswap/types/query.pb.go:1091.94,1096.25 5 0
github.com/fenriz07/simpleswap/x/simpleswap/types/query.pb.go:1096.25,1097.3 1 0
github.com/fenriz07/simpleswap/x/simpleswap/types/query.pb.go:1097.3,1099.18 2 0
github.com/fenriz07/simpleswap/x/simpleswap/types/query.pb.go:1099.18,1101.5 1 0
github.com/fenriz07/simpleswap/x/simpleswap/types/query.pb.go:1102.4,1103.48 2 0
github.com/fenriz07/simpleswap/x/simpleswap/types/query.pb.go:1105.3,1106.16 2 0
github.com/fenriz07/simpleswap/x/simpleswap/types/query.pb.go:1108.2,1108.27 1 0
github.com/fenriz07/simpleswap/x/simpleswap/types/query.pb.go:1111.83,1115.16 4 0
github.com/fenriz07/simpleswap/x/simpleswap/types/query.pb.go:1115.16,1117.3 1 0
github.com/fenriz07/simpleswap/x/simpleswap/types/query.pb.go:1118.2,1118.22 1 0
github.com/fenriz07/simpleswap/x/simpleswap/types/query.pb.go:1121.84,1124.2 2 0
github.com/fenriz07/simpleswap/x/simpleswap/types/query.pb.go:1126.95,1131.25 5 0
github.com/fenriz07/simpleswap/x/simpleswap/types/query.pb.go:1131.25,1132.3 1 0
github.com/fenriz07/simpleswap/x/simpleswap/types/query.pb.go:1132.3,1134.18 2 0
github.com/fenriz07/simpleswap/x/simpleswap/types/query.pb.go:1134.18,1136.5 1 0
github.com/fenriz07/simpleswap/x/simpleswap/types/query.pb.go:1137.4,1138.48 2 0
github.com/fenriz07/simpleswap/x/simpleswap/types/query.pb.go:1140.3,1141.17 2 0
github.com/fenriz07/simpleswap/x/simpleswap/types/query.pb.go:1143.2,1143.37 1 0
github.com/fenriz07/simpleswap/x/simpleswap/types/query.pb.go:1143.37,1144.69 1 0
github.com/fenriz07/simpleswap/x/simpleswap/types/query.pb.go:1144.69,1145.4 1 0
github.com/fenriz07/simpleswap/x/simpleswap/types/query.pb.go:1145.4,1147.19 2 0
github.com/fenriz07/simpleswap/x/simpleswap/types/query.pb.go:1147.19,1149.6 1 0
github.com/fenriz07/simpleswap/x/simpleswap/types/query.pb.go:1150.5,1151.49 2 0
github.com/fenriz07/simpleswap/x/simpleswap/types/query.pb.go:1153.4,1154.17 2 0
github.com/fenriz07/simpleswap/x/simpleswap/types/query.pb.go:1157.2,1157.27 1 0
github.com/fenriz07/simpleswap/x/simpleswap/types/query.pb.go:1160.66,1164.16 4 0
github.com/fenriz07/simpleswap/x/simpleswap/types/query.pb.go:1164.16,1166.3 1 0
github.com/fenriz07/simpleswap/x/simpleswap/types/query.pb.go:1167.2,1167.22 1 0
github.com/fenriz07/simpleswap/x/simpleswap/types/query.pb.go:1170.67,1173.2 2 0
github.com/fenriz07/simpleswap/x/simpleswap/types/query.pb.go:1175.78,1180.22 5 0
github.com/fenriz07/simpleswap/x/simpleswap/types/query.pb.go:1180.22,1186.3 5 0
github.com/fenriz07/simpleswap/x/simpleswap/types/query.pb.go:1187.2,1187.27 1 0
github.com/fenriz07/simpleswap/x/simpleswap/types/query.pb.go:1190.67,1194.16 4 0
github.com/fenriz07/simpleswap/x/simpleswap/types/query.pb.go:1194.16,1196.3 1 0
github.com/fenriz07/simpleswap/x/simpleswap/types/query.pb.go:1197.2,1197.22 1 0
github.com/fenriz07/simpleswap/x/simpleswap/types/query.pb.go:1200.68,1203.2 2 0
github.com/fenriz07/simpleswap/x/simpleswap/types/query.pb.go:1205.79,1210.2 5 0
github.com/fenriz07/simpleswap/x/simpleswap/types/query.pb.go:1210.2,1212.17 2 0
github.com/fenriz07/simpleswap/x/simpleswap/types/query.pb.go:1212.17,1214.4 1 0
github.com/fenriz07/simpleswap/x/simpleswap/types/query.pb.go:1215.3,1216.47 2 0
github.com/fenriz07/simpleswap/x/simpleswap/types/query.pb.go:1218.2,1220.27 3 0
github.com/fenriz07/simpleswap/x/simpleswap/types/query.pb.go:1223.66,1227.16 4 0
github.com/fenriz07/simpleswap/x/simpleswap/types/query.pb.go:1227.16,1229.3 1 0
github.com/fenriz07/simpleswap/x/simpleswap/types/query.pb.go:1230.2,1230.22 1 0
github.com/fenriz07/simpleswap/x/simpleswap/types/query.pb.go:1233.67,1236.2 2 0
github.com/fenriz07/simpleswap/x/simpleswap/types/query.pb.go:1238.78,1243.25 5 0
github.com/fenriz07/simpleswap/x/simpleswap/types/query.pb.go:1243.25,1244.3 1 0
github.com/fenriz07/simpleswap/x/simpleswap/types/query.pb.go:1244.3,1246.18 2 0
github.com/fenriz07/simpleswap/x/simpleswap/types/query.pb.go:1246.18,1248.5 1 0
github.com/fenriz07/simpleswap/x/simpleswap/types/query.pb.go:1249.4,1250.48 2 0
github.com/fenriz07/simpleswap/x/simpleswap/types/query.pb.go:1252.3,1253.16 2 0
github.com/fenriz07/simpleswap/x/simpleswap/types/query.pb.go:1255.2,1255.27 1 0
github.com/fenriz07/simpleswap/x/simpleswap/types/query.pb.go:1258.67,1262.16 4 0
github.com/fenriz07/simpleswap/x/simpleswap/types/query.pb.go:1262.16,1264.3 1 0
github.com/fenriz07/simpleswap/x/simpleswap/types/query.pb.go:1265.2,1265.22 1 0
github.com/fenriz07/simpleswap/x/simpleswap/types/query.pb.go:1268.68,1271.2 2 0
github.com/fenriz07/simpleswap/x/simpleswap/types/query.pb.go:1273.79,1278.25 5 0
github.com/fenriz07/simpleswap/x/simpleswap/types/query.pb.go:1278.25,1279.3 1 0
github.com/fenriz07/simpleswap/x/simpleswap/types/query.pb.go:1279.3,1281.18 2 0
github.com/fenriz07/simpleswap/x/simpleswap/types/query.pb.go:1281.18,1283.5 1 0
github.com/fenriz07/simpleswap/x/simpleswap/types/query.pb.go:1284.4,1285.48 2 0
github.com/fenriz07/simpleswap/x/simpleswap/types/query.pb.go:1287.3,1288.17 2 0
github.com/fenriz07/simpleswap/x/simpleswap/types/query.pb.go:1290.2,1290.21 1 0
github.com/fenriz07/simpleswap/x/simpleswap/types/query.pb.go:1290.21,1291.53 1 0
github.com/fenriz07/simpleswap/x/simpleswap/types/query.pb.go:1291.53,1292.4 1 0
github.com/fenriz07/simpleswap/x/simpleswap/types/query.pb.go:1292.4,1294.19 2 0
github.com/fenriz07/simpleswap/x/simpleswap/types/query.pb.go:1294.19,1296.6 1 0
github.com/fenriz07/simpleswap/x/simpleswap/types/query.pb.go:1297.5,1298.49 2 0
github.com/fenriz07/simpleswap/x/simpleswap/types/query.pb.go:1300.4,1301.17 2 0
github.com/fenriz07/simpleswap/x/simpleswap/types/query.pb.go:1304.2,1304.27 1 0
github.com/fenriz07/simpleswap/x/simpleswap/types/query.pb.go:1307.63,1310.16 3 0
github.com/fenriz07/simpleswap/x/simpleswap/types/query.pb.go:1310.16,1314.3 3 0
github.com/fenriz07/simpleswap/x/simpleswap/types/query.pb.go:1315.2,1316.13 2 0
github.com/fenriz07/simpleswap/x/simpleswap/types/query.pb.go:1318.45,1319.14 1 0
github.com/fenriz07/simpleswap/x/simpleswap/types/query.pb.go:1319.14,1321.3 1 0
github.com/fenriz07/simpleswap/x/simpleswap/types/query.pb.go:1322.2,1324.10 3 0
github.com/fenriz07/simpleswap/x/simpleswap/types/query.pb.go:1327.46,1328.14 1 0
github.com/fenriz07/simpleswap/x/simpleswap/types/query.pb.go:1328.14,1330.3 1 0
github.com/fenriz07/simpleswap/x/simpleswap/types/query.pb.go:1331.2,1335.10 5 0
github.com/fenriz07/simpleswap/x/simpleswap/types/query.pb.go:1338.52,1339.14 1 0
github.com/fenriz07/simpleswap/x/simpleswap/types/query.pb.go:1339.14,1341.3 1 0
github.com/fenriz07/simpleswap/x/simpleswap/types/query.pb.go:1342.2,1344.10 3 0
github.com/fenriz07/simpleswap/x/simpleswap/types/query.pb.go:1347.53,1348.14 1 0
github.com/fenriz07/simpleswap/x/simpleswap/types/query.pb.go:1348.14,1350.3 1 0
github.com/fenriz07/simpleswap/x/simpleswap/types/query.pb.go:1351.2,1355.10 5 0
github.com/fenriz07/simpleswap/x/simpleswap/types/query.pb.go:1358.62,1359.14 1 0
github.com/fenriz07/simpleswap/x/simpleswap/types/query.pb.go:1359.14,1361.3 1 0
github.com/fenriz07/simpleswap/x/simpleswap/types/query.pb.go:1362.2,1365.11 4 0
github.com/fenriz07/simpleswap/x/simpleswap/types/query.pb.go:1365.11,1367.3 1 0
github.com/fenriz07/simpleswap/x/simpleswap/types/query.pb.go:1368.2,1368.10 1 0
github.com/fenriz07/simpleswap/x/simpleswap/types/query.pb.go:1371.63,1372.14 1 0
github.com/fenriz07/simpleswap/x/simpleswap/types/query.pb.go:1372.14,1374.3 1 0
github.com/fenriz07/simpleswap/x/simpleswap/types/query.pb.go:1375.2,1379.10 5 0
github.com/fenriz07/simpleswap/x/simpleswap/types/query.pb.go:1382.62,1383.14 1 0
github.com/fenriz07/simpleswap/x/simpleswap/types/query.pb.go:1383.14,1385.3 1 0
github.com/fenriz07/simpleswap/x/simpleswap/types/query.pb.go:1386.2,1388.25 3 0
github.com/fenriz07/simpleswap/x/simpleswap/types/query.pb.go:1388.25,1391.3 2 0
github.com/fenriz07/simpleswap/x/simpleswap/types/query.pb.go:1392.2,1392.10 1 0
[...]
github.com/fenriz07/simpleswap/x/simpleswap/types/tx.pb.go:1734.21,1736.5 1 0
github.com/fenriz07/simpleswap/x/simpleswap/types/tx.pb.go:1737.4,1738.21 2 0
github.com/fenriz07/simpleswap/x/simpleswap/types/tx.pb.go:1739.10,1740.21 1 0
github.com/fenriz07/simpleswap/x/simpleswap/types/tx.pb.go:1740.21,1742.5 1 0
github.com/fenriz07/simpleswap/x/simpleswap/types/tx.pb.go:1743.4,1744.39 2 0
github.com/fenriz07/simpleswap/x/simpleswap/types/tx.pb.go:1744.39,1745.20 1 0
github.com/fenriz07/simpleswap/x/simpleswap/types/tx.pb.go:1745.20,1747.6 1 0
github.com/fenriz07/simpleswap/x/simpleswap/types/tx.pb.go:1748.5,1748.19 1 0
github.com/fenriz07/simpleswap/x/simpleswap/types/tx.pb.go:1748.19,1750.6 1 0
github.com/fenriz07/simpleswap/x/simpleswap/types/tx.pb.go:1751.5,1754.17 4 0
github.com/fenriz07/simpleswap/x/simpleswap/types/tx.pb.go:1754.17,1755.11 1 0
github.com/fenriz07/simpleswap/x/simpleswap/types/tx.pb.go:1758.4,1759.24 2 0
github.com/fenriz07/simpleswap/x/simpleswap/types/tx.pb.go:1759.24,1761.5 1 0
github.com/fenriz07/simpleswap/x/simpleswap/types/tx.pb.go:1762.4,1763.21 2 0
github.com/fenriz07/simpleswap/x/simpleswap/types/tx.pb.go:1763.21,1765.5 1 0
github.com/fenriz07/simpleswap/x/simpleswap/types/tx.pb.go:1766.4,1766.21 1 0
github.com/fenriz07/simpleswap/x/simpleswap/types/tx.pb.go:1766.21,1768.5 1 0
github.com/fenriz07/simpleswap/x/simpleswap/types/tx.pb.go:1769.4,1770.21 2 0
github.com/fenriz07/simpleswap/x/simpleswap/types/tx.pb.go:1771.11,1774.18 3 0
github.com/fenriz07/simpleswap/x/simpleswap/types/tx.pb.go:1774.18,1776.5 1 0
github.com/fenriz07/simpleswap/x/simpleswap/types/tx.pb.go:1777.4,1777.42 1 0
github.com/fenriz07/simpleswap/x/simpleswap/types/tx.pb.go:1777.42,1779.5 1 0
github.com/fenriz07/simpleswap/x/simpleswap/types/tx.pb.go:1780.4,1780.28 1 0
github.com/fenriz07/simpleswap/x/simpleswap/types/tx.pb.go:1780.28,1782.5 1 0
github.com/fenriz07/simpleswap/x/simpleswap/types/tx.pb.go:1783.4,1783.19 1 0
github.com/fenriz07/simpleswap/x/simpleswap/types/tx.pb.go:1787.2,1787.15 1 0
github.com/fenriz07/simpleswap/x/simpleswap/types/tx.pb.go:1787.15,1789.3 1 0
github.com/fenriz07/simpleswap/x/simpleswap/types/tx.pb.go:1790.2,1790.12 1 0
github.com/fenriz07/simpleswap/x/simpleswap/types/tx.pb.go:1792.66,1795.16 3 0
github.com/fenriz07/simpleswap/x/simpleswap/types/tx.pb.go:1795.16,1798.38 3 0
github.com/fenriz07/simpleswap/x/simpleswap/types/tx.pb.go:1798.38,1799.19 1 0
github.com/fenriz07/simpleswap/x/simpleswap/types/tx.pb.go:1799.19,1801.5 1 0
github.com/fenriz07/simpleswap/x/simpleswap/types/tx.pb.go:1802.4,1802.18 1 0
github.com/fenriz07/simpleswap/x/simpleswap/types/tx.pb.go:1802.18,1804.5 1 0
github.com/fenriz07/simpleswap/x/simpleswap/types/tx.pb.go:1805.4,1808.16 4 0
github.com/fenriz07/simpleswap/x/simpleswap/types/tx.pb.go:1808.16,1809.10 1 0
github.com/fenriz07/simpleswap/x/simpleswap/types/tx.pb.go:1812.3,1814.20 3 0
github.com/fenriz07/simpleswap/x/simpleswap/types/tx.pb.go:1814.20,1816.4 1 0
github.com/fenriz07/simpleswap/x/simpleswap/types/tx.pb.go:1817.3,1817.20 1 0
github.com/fenriz07/simpleswap/x/simpleswap/types/tx.pb.go:1817.20,1819.4 1 0
github.com/fenriz07/simpleswap/x/simpleswap/types/tx.pb.go:1820.3,1820.19 1 0
github.com/fenriz07/simpleswap/x/simpleswap/types/tx.pb.go:1821.10,1822.21 1 0
github.com/fenriz07/simpleswap/x/simpleswap/types/tx.pb.go:1822.21,1824.5 1 0
github.com/fenriz07/simpleswap/x/simpleswap/types/tx.pb.go:1825.4,1826.39 2 0
github.com/fenriz07/simpleswap/x/simpleswap/types/tx.pb.go:1826.39,1827.20 1 0
github.com/fenriz07/simpleswap/x/simpleswap/types/tx.pb.go:1827.20,1829.6 1 0
github.com/fenriz07/simpleswap/x/simpleswap/types/tx.pb.go:1830.5,1830.19 1 0
github.com/fenriz07/simpleswap/x/simpleswap/types/tx.pb.go:1830.19,1832.6 1 0
github.com/fenriz07/simpleswap/x/simpleswap/types/tx.pb.go:1833.5,1836.17 4 0
github.com/fenriz07/simpleswap/x/simpleswap/types/tx.pb.go:1836.17,1837.11 1 0
github.com/fenriz07/simpleswap/x/simpleswap/types/tx.pb.go:1840.4,1841.24 2 0
github.com/fenriz07/simpleswap/x/simpleswap/types/tx.pb.go:1841.24,1843.5 1 0
github.com/fenriz07/simpleswap/x/simpleswap/types/tx.pb.go:1844.4,1845.21 2 0
github.com/fenriz07/simpleswap/x/simpleswap/types/tx.pb.go:1845.21,1847.5 1 0
github.com/fenriz07/simpleswap/x/simpleswap/types/tx.pb.go:1848.4,1848.21 1 0
github.com/fenriz07/simpleswap/x/simpleswap/types/tx.pb.go:1848.21,1850.5 1 0
github.com/fenriz07/simpleswap/x/simpleswap/types/tx.pb.go:1851.4,1852.21 2 0
github.com/fenriz07/simpleswap/x/simpleswap/types/tx.pb.go:1853.11,1856.18 3 0
github.com/fenriz07/simpleswap/x/simpleswap/types/tx.pb.go:1856.18,1858.5 1 0
github.com/fenriz07/simpleswap/x/simpleswap/types/tx.pb.go:1859.4,1859.42 1 0
github.com/fenriz07/simpleswap/x/simpleswap/types/tx.pb.go:1859.42,1861.5 1 0
github.com/fenriz07/simpleswap/x/simpleswap/types/tx.pb.go:1862.4,1862.28 1 0
github.com/fenriz07/simpleswap/x/simpleswap/types/tx.pb.go:1862.28,1864.5 1 0
github.com/fenriz07/simpleswap/x/simpleswap/types/tx.pb.go:1865.4,1865.19 1 0
github.com/fenriz07/simpleswap/x/simpleswap/types/tx.pb.go:1869.2,1869.15 1 0
github.com/fenriz07/simpleswap/x/simpleswap/types/tx.pb.go:1869.15,1871.3 1 0
github.com/fenriz07/simpleswap/x/simpleswap/types/tx.pb.go:1872.2,1872.12 1 0
github.com/fenriz07/simpleswap/x/simpleswap/types/tx.pb.go:1874.45,1878.16 4 0
github.com/fenriz07/simpleswap/x/simpleswap/types/tx.pb.go:1878.16,1880.38 2 0
github.com/fenriz07/simpleswap/x/simpleswap/types/tx.pb.go:1880.38,1881.19 1 0
github.com/fenriz07/simpleswap/x/simpleswap/types/tx.pb.go:1881.19,1883.5 1 0
github.com/fenriz07/simpleswap/x/simpleswap/types/tx.pb.go:1884.4,1884.18 1 0
github.com/fenriz07/simpleswap/x/simpleswap/types/tx.pb.go:1884.18,1886.5 1 0
github.com/fenriz07/simpleswap/x/simpleswap/types/tx.pb.go:1887.4,1890.16 4 0
github.com/fenriz07/simpleswap/x/simpleswap/types/tx.pb.go:1890.16,1891.10 1 0
github.com/fenriz07/simpleswap/x/simpleswap/types/tx.pb.go:1894.3,1895.19 2 0
github.com/fenriz07/simpleswap/x/simpleswap/types/tx.pb.go:1896.10,1897.39 1 0
github.com/fenriz07/simpleswap/x/simpleswap/types/tx.pb.go:1897.39,1898.20 1 0
github.com/fenriz07/simpleswap/x/simpleswap/types/tx.pb.go:1898.20,1900.6 1 0
github.com/fenriz07/simpleswap/x/simpleswap/types/tx.pb.go:1901.5,1901.19 1 0
github.com/fenriz07/simpleswap/x/simpleswap/types/tx.pb.go:1901.19,1903.6 1 0
github.com/fenriz07/simpleswap/x/simpleswap/types/tx.pb.go:1904.5,1905.29 2 0
github.com/fenriz07/simpleswap/x/simpleswap/types/tx.pb.go:1905.29,1906.11 1 0
github.com/fenriz07/simpleswap/x/simpleswap/types/tx.pb.go:1909.10,1910.14 1 0
github.com/fenriz07/simpleswap/x/simpleswap/types/tx.pb.go:1911.10,1913.39 2 0
github.com/fenriz07/simpleswap/x/simpleswap/types/tx.pb.go:1913.39,1914.20 1 0
github.com/fenriz07/simpleswap/x/simpleswap/types/tx.pb.go:1914.20,1916.6 1 0
github.com/fenriz07/simpleswap/x/simpleswap/types/tx.pb.go:1917.5,1917.19 1 0
github.com/fenriz07/simpleswap/x/simpleswap/types/tx.pb.go:1917.19,1919.6 1 0
github.com/fenriz07/simpleswap/x/simpleswap/types/tx.pb.go:1920.5,1923.17 4 0
github.com/fenriz07/simpleswap/x/simpleswap/types/tx.pb.go:1923.17,1924.11 1 0
github.com/fenriz07/simpleswap/x/simpleswap/types/tx.pb.go:1927.4,1927.18 1 0
github.com/fenriz07/simpleswap/x/simpleswap/types/tx.pb.go:1927.18,1929.5 1 0
github.com/fenriz07/simpleswap/x/simpleswap/types/tx.pb.go:1930.4,1930.19 1 0
github.com/fenriz07/simpleswap/x/simpleswap/types/tx.pb.go:1931.10,1932.11 1 0
github.com/fenriz07/simpleswap/x/simpleswap/types/tx.pb.go:1933.10,1934.18 1 0
github.com/fenriz07/simpleswap/x/simpleswap/types/tx.pb.go:1934.18,1936.5 1 0
github.com/fenriz07/simpleswap/x/simpleswap/types/tx.pb.go:1937.4,1937.11 1 0
github.com/fenriz07/simpleswap/x/simpleswap/types/tx.pb.go:1938.10,1939.14 1 0
github.com/fenriz07/simpleswap/x/simpleswap/types/tx.pb.go:1940.11,1941.64 1 0
github.com/fenriz07/simpleswap/x/simpleswap/types/tx.pb.go:1943.3,1943.16 1 0
github.com/fenriz07/simpleswap/x/simpleswap/types/tx.pb.go:1943.16,1945.4 1 0
github.com/fenriz07/simpleswap/x/simpleswap/types/tx.pb.go:1946.3,1946.17 1 0
github.com/fenriz07/simpleswap/x/simpleswap/types/tx.pb.go:1946.17,1948.4 1 0
github.com/fenriz07/simpleswap/x/simpleswap/types/tx.pb.go:1950.2,1950.31 1 0
github.com/fenriz07/simpleswap/x/simpleswap/keeper/keeper.go:34.10,35.63 1 1
github.com/fenriz07/simpleswap/x/simpleswap/keeper/keeper.go:35.63,36.65 1 0
github.com/fenriz07/simpleswap/x/simpleswap/keeper/keeper.go:39.2,45.3 1 1
github.com/fenriz07/simpleswap/x/simpleswap/keeper/keeper.go:49.39,51.2 1 1
github.com/fenriz07/simpleswap/x/simpleswap/keeper/keeper.go:54.37,56.2 1 1
github.com/fenriz07/simpleswap/x/simpleswap/keeper/msg_server.go:13.54,15.2 1 1
github.com/fenriz07/simpleswap/x/simpleswap/keeper/msg_server_claim_liquidity.go:14.130,19.16 3 1
github.com/fenriz07/simpleswap/x/simpleswap/keeper/msg_server_claim_liquidity.go:19.16,21.3 1 1
github.com/fenriz07/simpleswap/x/simpleswap/keeper/msg_server_claim_liquidity.go:23.2,25.16 2 1
github.com/fenriz07/simpleswap/x/simpleswap/keeper/msg_server_claim_liquidity.go:25.16,27.3 1 0
github.com/fenriz07/simpleswap/x/simpleswap/keeper/msg_server_claim_liquidity.go:29.2,31.12 2 1
github.com/fenriz07/simpleswap/x/simpleswap/keeper/msg_server_claim_liquidity.go:31.12,33.3 1 1
github.com/fenriz07/simpleswap/x/simpleswap/keeper/msg_server_claim_liquidity.go:35.2,35.46 1 1
github.com/fenriz07/simpleswap/x/simpleswap/keeper/msg_server_claim_liquidity.go:35.46,37.3 1 1
github.com/fenriz07/simpleswap/x/simpleswap/keeper/msg_server_claim_liquidity.go:39.2,41.16 2 1
github.com/fenriz07/simpleswap/x/simpleswap/keeper/msg_server_claim_liquidity.go:41.16,43.3 1 1
github.com/fenriz07/simpleswap/x/simpleswap/keeper/msg_server_claim_liquidity.go:45.2,47.16 2 1
github.com/fenriz07/simpleswap/x/simpleswap/keeper/msg_server_claim_liquidity.go:47.16,49.3 1 0
github.com/fenriz07/simpleswap/x/simpleswap/keeper/msg_server_claim_liquidity.go:51.2,56.16 4 1
github.com/fenriz07/simpleswap/x/simpleswap/keeper/msg_server_claim_liquidity.go:56.16,59.3 2 0
github.com/fenriz07/simpleswap/x/simpleswap/keeper/msg_server_claim_liquidity.go:61.2,63.48 2 1
github.com/fenriz07/simpleswap/x/simpleswap/keeper/msg_server_provide_liquidity.go:18.136,23.12 3 0
github.com/fenriz07/simpleswap/x/simpleswap/keeper/msg_server_provide_liquidity.go:23.12,26.3 2 0
github.com/fenriz07/simpleswap/x/simpleswap/keeper/msg_server_provide_liquidity.go:28.2,28.27 1 0
github.com/fenriz07/simpleswap/x/simpleswap/keeper/msg_server_provide_liquidity.go:28.27,30.3 1 0
github.com/fenriz07/simpleswap/x/simpleswap/keeper/msg_server_provide_liquidity.go:32.2,34.16 2 0
github.com/fenriz07/simpleswap/x/simpleswap/keeper/msg_server_provide_liquidity.go:34.16,36.3 1 0
github.com/fenriz07/simpleswap/x/simpleswap/keeper/msg_server_provide_liquidity.go:38.2,40.16 2 0
github.com/fenriz07/simpleswap/x/simpleswap/keeper/msg_server_provide_liquidity.go:40.16,42.3 1 0
github.com/fenriz07/simpleswap/x/simpleswap/keeper/msg_server_provide_liquidity.go:44.2,46.16 2 0
github.com/fenriz07/simpleswap/x/simpleswap/keeper/msg_server_provide_liquidity.go:46.16,48.3 1 0
github.com/fenriz07/simpleswap/x/simpleswap/keeper/msg_server_provide_liquidity.go:50.2,51.12 2 0
github.com/fenriz07/simpleswap/x/simpleswap/keeper/msg_server_provide_liquidity.go:51.12,52.32 1 0
github.com/fenriz07/simpleswap/x/simpleswap/keeper/msg_server_provide_liquidity.go:55.2,57.16 2 0
github.com/fenriz07/simpleswap/x/simpleswap/keeper/msg_server_provide_liquidity.go:57.16,59.3 1 0
github.com/fenriz07/simpleswap/x/simpleswap/keeper/msg_server_provide_liquidity.go:61.2,82.16 10 0
github.com/fenriz07/simpleswap/x/simpleswap/keeper/msg_server_provide_liquidity.go:82.16,84.3 1 0
github.com/fenriz07/simpleswap/x/simpleswap/keeper/msg_server_provide_liquidity.go:86.2,86.50 1 0
github.com/fenriz07/simpleswap/x/simpleswap/keeper/msg_server_swap.go:14.100,19.12 3 0
github.com/fenriz07/simpleswap/x/simpleswap/keeper/msg_server_swap.go:19.12,22.3 2 0
github.com/fenriz07/simpleswap/x/simpleswap/keeper/msg_server_swap.go:24.2,24.27 1 0
github.com/fenriz07/simpleswap/x/simpleswap/keeper/msg_server_swap.go:24.27,26.3 1 0
github.com/fenriz07/simpleswap/x/simpleswap/keeper/msg_server_swap.go:28.2,30.16 2 0
github.com/fenriz07/simpleswap/x/simpleswap/keeper/msg_server_swap.go:30.16,32.3 1 0
github.com/fenriz07/simpleswap/x/simpleswap/keeper/msg_server_swap.go:34.2,36.16 2 0
github.com/fenriz07/simpleswap/x/simpleswap/keeper/msg_server_swap.go:36.16,38.3 1 0
github.com/fenriz07/simpleswap/x/simpleswap/keeper/msg_server_swap.go:40.2,49.23 8 0
github.com/fenriz07/simpleswap/x/simpleswap/keeper/msg_server_swap.go:49.23,51.3 1 0
github.com/fenriz07/simpleswap/x/simpleswap/keeper/msg_server_swap.go:53.2,55.25 2 0
github.com/fenriz07/simpleswap/x/simpleswap/keeper/msg_server_swap.go:55.25,57.3 1 0
github.com/fenriz07/simpleswap/x/simpleswap/keeper/msg_server_swap.go:59.2,61.16 2 0
github.com/fenriz07/simpleswap/x/simpleswap/keeper/msg_server_swap.go:61.16,63.3 1 0
github.com/fenriz07/simpleswap/x/simpleswap/keeper/msg_server_swap.go:65.2,67.16 2 0
github.com/fenriz07/simpleswap/x/simpleswap/keeper/msg_server_swap.go:67.16,69.3 1 0
github.com/fenriz07/simpleswap/x/simpleswap/keeper/msg_server_swap.go:71.2,73.38 2 0
github.com/fenriz07/simpleswap/x/simpleswap/keeper/msg_server_swap.go:76.146,82.55 4 0
github.com/fenriz07/simpleswap/x/simpleswap/keeper/msg_server_swap.go:82.55,84.48 1 0
github.com/fenriz07/simpleswap/x/simpleswap/keeper/msg_server_swap.go:84.48,85.12 1 0
github.com/fenriz07/simpleswap/x/simpleswap/keeper/msg_server_swap.go:88.3,98.5 3 0
github.com/fenriz07/simpleswap/x/simpleswap/keeper/msg_server_swap.go:101.2,101.41 1 0
github.com/fenriz07/simpleswap/x/simpleswap/keeper/msg_server_swap.go:101.41,108.17 4 0
github.com/fenriz07/simpleswap/x/simpleswap/keeper/msg_server_swap.go:108.17,110.12 1 0
github.com/fenriz07/simpleswap/x/simpleswap/keeper/msg_server_swap.go:113.3,117.43 3 0
github.com/fenriz07/simpleswap/x/simpleswap/keeper/msg_server_swap.go:120.2,120.12 1 0
github.com/fenriz07/simpleswap/x/simpleswap/keeper/msg_server_swap.go:123.60,128.2 3 0
github.com/fenriz07/simpleswap/x/simpleswap/keeper/msg_update_params.go:12.124,13.39 1 1
github.com/fenriz07/simpleswap/x/simpleswap/keeper/msg_update_params.go:13.39,15.3 1 1
github.com/fenriz07/simpleswap/x/simpleswap/keeper/msg_update_params.go:17.2,18.53 2 1
github.com/fenriz07/simpleswap/x/simpleswap/keeper/msg_update_params.go:18.53,20.3 1 0
github.com/fenriz07/simpleswap/x/simpleswap/keeper/msg_update_params.go:22.2,22.46 1 1
github.com/fenriz07/simpleswap/x/simpleswap/keeper/params.go:12.70,15.15 3 1
github.com/fenriz07/simpleswap/x/simpleswap/keeper/params.go:15.15,17.3 1 0
github.com/fenriz07/simpleswap/x/simpleswap/keeper/params.go:19.2,20.15 2 1
github.com/fenriz07/simpleswap/x/simpleswap/keeper/params.go:24.75,27.16 3 1
github.com/fenriz07/simpleswap/x/simpleswap/keeper/params.go:27.16,29.3 1 0
github.com/fenriz07/simpleswap/x/simpleswap/keeper/params.go:30.2,32.12 2 1
github.com/fenriz07/simpleswap/x/simpleswap/keeper/pool.go:13.63,20.2 4 1
github.com/fenriz07/simpleswap/x/simpleswap/keeper/pool.go:27.32,34.14 4 1
github.com/fenriz07/simpleswap/x/simpleswap/keeper/pool.go:34.14,36.3 1 1
github.com/fenriz07/simpleswap/x/simpleswap/keeper/pool.go:38.2,39.18 2 1
github.com/fenriz07/simpleswap/x/simpleswap/keeper/pool.go:47.3,53.2 3 1
github.com/fenriz07/simpleswap/x/simpleswap/keeper/pool.go:56.69,63.42 5 1
github.com/fenriz07/simpleswap/x/simpleswap/keeper/pool.go:63.42,67.3 3 1
github.com/fenriz07/simpleswap/x/simpleswap/keeper/pool.go:69.2,69.8 1 1
github.com/fenriz07/simpleswap/x/simpleswap/keeper/query_params.go:13.114,14.16 1 1
github.com/fenriz07/simpleswap/x/simpleswap/keeper/query_params.go:14.16,16.3 1 0
github.com/fenriz07/simpleswap/x/simpleswap/keeper/query_params.go:17.2,19.66 2 1
github.com/fenriz07/simpleswap/x/simpleswap/keeper/query_pool.go:14.115,15.16 1 1
github.com/fenriz07/simpleswap/x/simpleswap/keeper/query_pool.go:15.16,17.3 1 1
github.com/fenriz07/simpleswap/x/simpleswap/keeper/query_pool.go:19.2,24.97 4 1
github.com/fenriz07/simpleswap/x/simpleswap/keeper/query_pool.go:24.97,26.55 2 1
github.com/fenriz07/simpleswap/x/simpleswap/keeper/query_pool.go:26.55,28.4 1 0
github.com/fenriz07/simpleswap/x/simpleswap/keeper/query_pool.go:30.3,31.13 2 1
github.com/fenriz07/simpleswap/x/simpleswap/keeper/query_pool.go:34.2,34.16 1 1
github.com/fenriz07/simpleswap/x/simpleswap/keeper/query_pool.go:34.16,36.3 1 0
github.com/fenriz07/simpleswap/x/simpleswap/keeper/query_pool.go:38.2,38.75 1 1
github.com/fenriz07/simpleswap/x/simpleswap/keeper/query_pool.go:41.112,42.16 1 1
github.com/fenriz07/simpleswap/x/simpleswap/keeper/query_pool.go:42.16,44.3 1 1
github.com/fenriz07/simpleswap/x/simpleswap/keeper/query_pool.go:46.2,50.12 2 1
github.com/fenriz07/simpleswap/x/simpleswap/keeper/query_pool.go:50.12,52.3 1 1
github.com/fenriz07/simpleswap/x/simpleswap/keeper/query_pool.go:54.2,54.52 1 1
github.com/fenriz07/simpleswap/x/simpleswap/keeper/query_stable_coins_white_list.go:14.163,15.16 1 1
github.com/fenriz07/simpleswap/x/simpleswap/keeper/query_stable_coins_white_list.go:15.16,17.3 1 1
github.com/fenriz07/simpleswap/x/simpleswap/keeper/query_stable_coins_white_list.go:19.2,24.113 4 1
github.com/fenriz07/simpleswap/x/simpleswap/keeper/query_stable_coins_white_list.go:24.113,26.71 2 1
github.com/fenriz07/simpleswap/x/simpleswap/keeper/query_stable_coins_white_list.go:26.71,28.4 1 0
github.com/fenriz07/simpleswap/x/simpleswap/keeper/query_stable_coins_white_list.go:30.3,31.13 2 1
github.com/fenriz07/simpleswap/x/simpleswap/keeper/query_stable_coins_white_list.go:34.2,34.16 1 1
github.com/fenriz07/simpleswap/x/simpleswap/keeper/query_stable_coins_white_list.go:34.16,36.3 1 0
github.com/fenriz07/simpleswap/x/simpleswap/keeper/query_stable_coins_white_list.go:38.2,38.123 1 1
github.com/fenriz07/simpleswap/x/simpleswap/keeper/query_stable_coins_white_list.go:41.160,42.16 1 1
github.com/fenriz07/simpleswap/x/simpleswap/keeper/query_stable_coins_white_list.go:42.16,44.3 1 1
github.com/fenriz07/simpleswap/x/simpleswap/keeper/query_stable_coins_white_list.go:46.2,50.12 2 1
github.com/fenriz07/simpleswap/x/simpleswap/keeper/query_stable_coins_white_list.go:50.12,52.3 1 1
github.com/fenriz07/simpleswap/x/simpleswap/keeper/query_stable_coins_white_list.go:54.2,54.84 1 1
github.com/fenriz07/simpleswap/x/simpleswap/keeper/query_system_info.go:12.132,13.16 1 1
github.com/fenriz07/simpleswap/x/simpleswap/keeper/query_system_info.go:13.16,15.3 1 1
github.com/fenriz07/simpleswap/x/simpleswap/keeper/query_system_info.go:16.2,19.12 3 1
github.com/fenriz07/simpleswap/x/simpleswap/keeper/query_system_info.go:19.12,21.3 1 0
github.com/fenriz07/simpleswap/x/simpleswap/keeper/query_system_info.go:23.2,23.64 1 1
github.com/fenriz07/simpleswap/x/simpleswap/keeper/stable_coins_white_list.go:13.111,20.2 4 1
github.com/fenriz07/simpleswap/x/simpleswap/keeper/stable_coins_white_list.go:27.48,34.14 4 1
github.com/fenriz07/simpleswap/x/simpleswap/keeper/stable_coins_white_list.go:34.14,36.3 1 1
github.com/fenriz07/simpleswap/x/simpleswap/keeper/stable_coins_white_list.go:38.2,39.18 2 1
github.com/fenriz07/simpleswap/x/simpleswap/keeper/stable_coins_white_list.go:47.3,53.2 3 1
github.com/fenriz07/simpleswap/x/simpleswap/keeper/stable_coins_white_list.go:56.101,63.42 5 1
github.com/fenriz07/simpleswap/x/simpleswap/keeper/stable_coins_white_list.go:63.42,67.3 3 1
github.com/fenriz07/simpleswap/x/simpleswap/keeper/stable_coins_white_list.go:69.2,69.8 1 1
github.com/fenriz07/simpleswap/x/simpleswap/keeper/system_info.go:12.81,17.2 4 1
github.com/fenriz07/simpleswap/x/simpleswap/keeper/system_info.go:20.87,25.14 4 1
github.com/fenriz07/simpleswap/x/simpleswap/keeper/system_info.go:25.14,27.3 1 1
github.com/fenriz07/simpleswap/x/simpleswap/keeper/system_info.go:29.2,30.18 2 1
github.com/fenriz07/simpleswap/x/simpleswap/keeper/system_info.go:34.55,38.2 3 1
